Using pre-set license
Built from '2020.3/staging' branch; Version is '2020.3.33f1 (915a7af8b0d5) revision 9525882'; Using compiler version '192528614'; Build Type 'Release'
OS: 'Windows 10  (10.0.19044) 64bit Professional' Language: 'ru' Physical Memory: 12247 MB
BatchMode: 1, IsHumanControllingUs: 0, StartBugReporterOnCrash: 0, Is64bit: 1, IsPro: 0

COMMAND LINE ARGUMENTS:
C:\Users\set43\Desktop\PersProj\2020.3.33f1\Editor\Unity.exe
-adb2
-batchMode
-noUpm
-name
AssetImportWorker0
-projectPath
C:/Users/set43/Documents/GitHub/PET_PROJ_FOR_PORTFOLIO/PET_PROJ
-logFile
Logs/AssetImportWorker0.log
-srvPort
63255
Successfully changed project path to: C:/Users/set43/Documents/GitHub/PET_PROJ_FOR_PORTFOLIO/PET_PROJ
C:/Users/set43/Documents/GitHub/PET_PROJ_FOR_PORTFOLIO/PET_PROJ
Using Asset Import Pipeline V2.
Refreshing native plugins compatible for Editor in 63.26 ms, found 2 plugins.
Preloading 0 native plugins for Editor in 0.00 ms.
Initialize engine version: 2020.3.33f1 (915a7af8b0d5)
[Subsystems] Discovering subsystems at path C:/Users/set43/Desktop/PersProj/2020.3.33f1/Editor/Data/Resources/UnitySubsystems
[Subsystems] Discovering subsystems at path C:/Users/set43/Documents/GitHub/PET_PROJ_FOR_PORTFOLIO/PET_PROJ/Assets
GfxDevice: creating device client; threaded=0
Direct3D:
    Version:  Direct3D 11.0 [level 11.1]
    Renderer: NVIDIA GeForce GTX 1060 6GB (ID=0x1c03)
    Vendor:   
    VRAM:     6052 MB
    Driver:   30.0.15.1215
Initialize mono
Mono path[0] = 'C:/Users/set43/Desktop/PersProj/2020.3.33f1/Editor/Data/Managed'
Mono path[1] = 'C:/Users/set43/Desktop/PersProj/2020.3.33f1/Editor/Data/MonoBleedingEdge/lib/mono/unityjit'
Mono config path = 'C:/Users/set43/Desktop/PersProj/2020.3.33f1/Editor/Data/MonoBleedingEdge/etc'
Using monoOptions --debugger-agent=transport=dt_socket,embedding=1,server=y,suspend=n,address=127.0.0.1:56124
Begin MonoManager ReloadAssembly
Registering precompiled unity dll's ...
Register platform support module: C:/Users/set43/Desktop/PersProj/2020.3.33f1/Editor/Data/PlaybackEngines/WindowsStandaloneSupport/UnityEditor.WindowsStandalone.Extensions.dll
Registered in 0.002615 seconds.
Native extension for WindowsStandalone target not found
Refreshing native plugins compatible for Editor in 59.95 ms, found 2 plugins.
Preloading 0 native plugins for Editor in 0.00 ms.
Mono: successfully reloaded assembly
- Completed reload, in  0.908 seconds
Domain Reload Profiling:
	ReloadAssembly (908ms)
		BeginReloadAssembly (101ms)
			ExecutionOrderSort (0ms)
			DisableScriptedObjects (0ms)
			BackupInstance (0ms)
			ReleaseScriptingObjects (0ms)
			CreateAndSetChildDomain (1ms)
		EndReloadAssembly (703ms)
			LoadAssemblies (98ms)
			RebuildTransferFunctionScriptingTraits (0ms)
			SetupTypeCache (234ms)
			ReleaseScriptCaches (0ms)
			RebuildScriptCaches (56ms)
			SetupLoadedEditorAssemblies (281ms)
				LogAssemblyErrors (0ms)
				InitializePlatformSupportModulesInManaged (10ms)
				SetLoadedEditorAssemblies (1ms)
				RefreshPlugins (60ms)
				BeforeProcessingInitializeOnLoad (24ms)
				ProcessInitializeOnLoadAttributes (136ms)
				ProcessInitializeOnLoadMethodAttributes (50ms)
				AfterProcessingInitializeOnLoad (0ms)
				EditorAssembliesLoaded (0ms)
			ExecutionOrderSort2 (0ms)
			AwakeInstancesAfterBackupRestoration (0ms)
Platform modules already initialized, skipping
Registering precompiled user dll's ...
Registered in 0.004242 seconds.
Begin MonoManager ReloadAssembly
Native extension for WindowsStandalone target not found
Refreshing native plugins compatible for Editor in 0.46 ms, found 2 plugins.
Preloading 0 native plugins for Editor in 0.00 ms.
Mono: successfully reloaded assembly
- Completed reload, in  1.887 seconds
Domain Reload Profiling:
	ReloadAssembly (1889ms)
		BeginReloadAssembly (221ms)
			ExecutionOrderSort (0ms)
			DisableScriptedObjects (6ms)
			BackupInstance (0ms)
			ReleaseScriptingObjects (0ms)
			CreateAndSetChildDomain (23ms)
		EndReloadAssembly (1329ms)
			LoadAssemblies (164ms)
			RebuildTransferFunctionScriptingTraits (0ms)
			SetupTypeCache (384ms)
			ReleaseScriptCaches (1ms)
			RebuildScriptCaches (74ms)
			SetupLoadedEditorAssemblies (574ms)
				LogAssemblyErrors (0ms)
				InitializePlatformSupportModulesInManaged (6ms)
				SetLoadedEditorAssemblies (1ms)
				RefreshPlugins (1ms)
				BeforeProcessingInitializeOnLoad (120ms)
				ProcessInitializeOnLoadAttributes (419ms)
				ProcessInitializeOnLoadMethodAttributes (14ms)
				AfterProcessingInitializeOnLoad (14ms)
				EditorAssembliesLoaded (1ms)
			ExecutionOrderSort2 (0ms)
			AwakeInstancesAfterBackupRestoration (16ms)
Platform modules already initialized, skipping
========================================================================
Worker process is ready to serve import requests
Launched and connected shader compiler UnityShaderCompiler.exe after 0.12 seconds
Refreshing native plugins compatible for Editor in 0.77 ms, found 2 plugins.
Preloading 0 native plugins for Editor in 0.00 ms.
Unloading 1664 Unused Serialized files (Serialized files now loaded: 0)
System memory in use before: 88.7 MB.
System memory in use after: 88.8 MB.

Unloading 17 unused Assets to reduce memory usage. Loaded Objects now: 2120.
Total: 3.096500 ms (FindLiveObjects: 0.144800 ms CreateObjectMapping: 0.069200 ms MarkObjects: 2.790500 ms  DeleteObjects: 0.090900 ms)

AssetImportParameters requested are different than current active one (requested -> active):
  custom:framework-win-MediaFoundation: 216162199b28c13a410421893ffa2e32 -> 
  custom:video-decoder-ogg-theora: a1e56fd34408186e4bbccfd4996cb3dc -> 
  custom:container-muxer-webm: aa71ff27fc2769a1b78a27578f13a17b -> 
  custom:container-demuxer-webm: 4f35f7cbe854078d1ac9338744f61a02 -> 
  custom:container-demuxer-ogg: 62fdf1f143b41e24485cea50d1cbac27 -> 
  custom:video-encoder-webm-vp8: eb34c28f22e8b96e1ab97ce403110664 -> 
  custom:video-decoder-webm-vp8: 9c59270c3fd7afecdb556c50c9e8de78 -> 
  custom:audio-decoder-ogg-vorbis: bf7c407c2cedff20999df2af8eb42d56 -> 
  custom:audio-encoder-webm-vorbis: bf7c407c2cedff20999df2af8eb42d56 -> 
========================================================================
Received Import Request.
  path: Assets/Sounds
  artifactKey: Guid(b763d898bd40d3e41ad8532d5ef117cf) Importer(815301076,1909f56bfc062723c751e8b465ee728b)
Start importing Assets/Sounds using Guid(b763d898bd40d3e41ad8532d5ef117cf) Importer(815301076,1909f56bfc062723c751e8b465ee728b)  -> (artifact id: 'ade362e31bcff384faa7ed5fa90aaec1') in 0.012037 seconds 
========================================================================
Received Import Request.
  Time since last request: 12.042130 seconds.
  path: Assets/Sounds/626657__davejf__melody-loop-98-bpm.mp3
  artifactKey: Guid(7a144eb53b3b48548a2ce8f150de500c) Importer(815301076,1909f56bfc062723c751e8b465ee728b)
Start importing Assets/Sounds/626657__davejf__melody-loop-98-bpm.mp3 using Guid(7a144eb53b3b48548a2ce8f150de500c) Importer(815301076,1909f56bfc062723c751e8b465ee728b)  -> (artifact id: '795011c70f6c6c3bf841864f0f5c14da') in 0.207936 seconds 
========================================================================
Received Prepare
Registering precompiled user dll's ...
Registered in 0.003912 seconds.
Begin MonoManager ReloadAssembly
Native extension for WindowsStandalone target not found
Refreshing native plugins compatible for Editor in 0.47 ms, found 2 plugins.
Preloading 0 native plugins for Editor in 0.00 ms.
Mono: successfully reloaded assembly
- Completed reload, in  1.338 seconds
Domain Reload Profiling:
	ReloadAssembly (1339ms)
		BeginReloadAssembly (156ms)
			ExecutionOrderSort (0ms)
			DisableScriptedObjects (6ms)
			BackupInstance (0ms)
			ReleaseScriptingObjects (0ms)
			CreateAndSetChildDomain (39ms)
		EndReloadAssembly (1101ms)
			LoadAssemblies (129ms)
			RebuildTransferFunctionScriptingTraits (0ms)
			SetupTypeCache (351ms)
			ReleaseScriptCaches (1ms)
			RebuildScriptCaches (55ms)
			SetupLoadedEditorAssemblies (450ms)
				LogAssemblyErrors (0ms)
				InitializePlatformSupportModulesInManaged (6ms)
				SetLoadedEditorAssemblies (1ms)
				RefreshPlugins (1ms)
				BeforeProcessingInitializeOnLoad (102ms)
				ProcessInitializeOnLoadAttributes (316ms)
				ProcessInitializeOnLoadMethodAttributes (15ms)
				AfterProcessingInitializeOnLoad (9ms)
				EditorAssembliesLoaded (0ms)
			ExecutionOrderSort2 (0ms)
			AwakeInstancesAfterBackupRestoration (9ms)
Platform modules already initialized, skipping
Refreshing native plugins compatible for Editor in 0.48 ms, found 2 plugins.
Preloading 0 native plugins for Editor in 0.00 ms.
Unloading 1654 Unused Serialized files (Serialized files now loaded: 0)
System memory in use before: 91.4 MB.
System memory in use after: 91.5 MB.

Unloading 12 unused Assets to reduce memory usage. Loaded Objects now: 2132.
Total: 3.720500 ms (FindLiveObjects: 0.369200 ms CreateObjectMapping: 0.187600 ms MarkObjects: 3.138500 ms  DeleteObjects: 0.023800 ms)

AssetImportParameters requested are different than current active one (requested -> active):
  custom:framework-win-MediaFoundation: 216162199b28c13a410421893ffa2e32 -> 
  custom:video-decoder-ogg-theora: a1e56fd34408186e4bbccfd4996cb3dc -> 
  custom:container-muxer-webm: aa71ff27fc2769a1b78a27578f13a17b -> 
  custom:container-demuxer-webm: 4f35f7cbe854078d1ac9338744f61a02 -> 
  custom:container-demuxer-ogg: 62fdf1f143b41e24485cea50d1cbac27 -> 
  custom:video-encoder-webm-vp8: eb34c28f22e8b96e1ab97ce403110664 -> 
  custom:video-decoder-webm-vp8: 9c59270c3fd7afecdb556c50c9e8de78 -> 
  custom:audio-decoder-ogg-vorbis: bf7c407c2cedff20999df2af8eb42d56 -> 
  custom:audio-encoder-webm-vorbis: bf7c407c2cedff20999df2af8eb42d56 -> 
========================================================================
Received Import Request.
  Time since last request: 48.341873 seconds.
  path: Assets/Prefabs/Capsule.prefab
  artifactKey: Guid(6ce9c62de8362d9469045cbabf7e74f3) Importer(815301076,1909f56bfc062723c751e8b465ee728b)
Start importing Assets/Prefabs/Capsule.prefab using Guid(6ce9c62de8362d9469045cbabf7e74f3) Importer(815301076,1909f56bfc062723c751e8b465ee728b)  -> (artifact id: '22cf7104f6be220c7f4e396712dd1363') in 0.109264 seconds 
========================================================================
Received Prepare
Registering precompiled user dll's ...
Registered in 0.004348 seconds.
Begin MonoManager ReloadAssembly
Native extension for WindowsStandalone target not found
Refreshing native plugins compatible for Editor in 0.47 ms, found 2 plugins.
Preloading 0 native plugins for Editor in 0.00 ms.
Mono: successfully reloaded assembly
- Completed reload, in  1.382 seconds
Domain Reload Profiling:
	ReloadAssembly (1383ms)
		BeginReloadAssembly (175ms)
			ExecutionOrderSort (0ms)
			DisableScriptedObjects (5ms)
			BackupInstance (0ms)
			ReleaseScriptingObjects (0ms)
			CreateAndSetChildDomain (56ms)
		EndReloadAssembly (1115ms)
			LoadAssemblies (148ms)
			RebuildTransferFunctionScriptingTraits (0ms)
			SetupTypeCache (429ms)
			ReleaseScriptCaches (1ms)
			RebuildScriptCaches (56ms)
			SetupLoadedEditorAssemblies (381ms)
				LogAssemblyErrors (0ms)
				InitializePlatformSupportModulesInManaged (6ms)
				SetLoadedEditorAssemblies (1ms)
				RefreshPlugins (1ms)
				BeforeProcessingInitializeOnLoad (100ms)
				ProcessInitializeOnLoadAttributes (253ms)
				ProcessInitializeOnLoadMethodAttributes (12ms)
				AfterProcessingInitializeOnLoad (9ms)
				EditorAssembliesLoaded (0ms)
			ExecutionOrderSort2 (0ms)
			AwakeInstancesAfterBackupRestoration (10ms)
Platform modules already initialized, skipping
Refreshing native plugins compatible for Editor in 0.71 ms, found 2 plugins.
Preloading 0 native plugins for Editor in 0.00 ms.
Unloading 1654 Unused Serialized files (Serialized files now loaded: 0)
System memory in use before: 91.5 MB.
System memory in use after: 91.6 MB.

Unloading 13 unused Assets to reduce memory usage. Loaded Objects now: 2139.
Total: 2.906600 ms (FindLiveObjects: 0.134200 ms CreateObjectMapping: 0.068600 ms MarkObjects: 2.678500 ms  DeleteObjects: 0.024400 ms)

AssetImportParameters requested are different than current active one (requested -> active):
  custom:framework-win-MediaFoundation: 216162199b28c13a410421893ffa2e32 -> 
  custom:video-decoder-ogg-theora: a1e56fd34408186e4bbccfd4996cb3dc -> 
  custom:container-muxer-webm: aa71ff27fc2769a1b78a27578f13a17b -> 
  custom:container-demuxer-webm: 4f35f7cbe854078d1ac9338744f61a02 -> 
  custom:container-demuxer-ogg: 62fdf1f143b41e24485cea50d1cbac27 -> 
  custom:video-encoder-webm-vp8: eb34c28f22e8b96e1ab97ce403110664 -> 
  custom:video-decoder-webm-vp8: 9c59270c3fd7afecdb556c50c9e8de78 -> 
  custom:audio-decoder-ogg-vorbis: bf7c407c2cedff20999df2af8eb42d56 -> 
  custom:audio-encoder-webm-vorbis: bf7c407c2cedff20999df2af8eb42d56 -> 
========================================================================
Received Import Request.
  Time since last request: 67.363868 seconds.
  path: Assets/Prefabs/Slime.prefab
  artifactKey: Guid(b4239c9ca33f50c47aa3e8bfe378f17c) Importer(815301076,1909f56bfc062723c751e8b465ee728b)
Start importing Assets/Prefabs/Slime.prefab using Guid(b4239c9ca33f50c47aa3e8bfe378f17c) Importer(815301076,1909f56bfc062723c751e8b465ee728b)  -> (artifact id: '21724f99b104026469985d6b16a8c047') in 0.127287 seconds 
========================================================================
Received Import Request.
  Time since last request: 2.266679 seconds.
  path: Assets/Prefabs/Slime.prefab
  artifactKey: Guid(b4239c9ca33f50c47aa3e8bfe378f17c) Importer(815301076,1909f56bfc062723c751e8b465ee728b)
Start importing Assets/Prefabs/Slime.prefab using Guid(b4239c9ca33f50c47aa3e8bfe378f17c) Importer(815301076,1909f56bfc062723c751e8b465ee728b)  -> (artifact id: 'ed937d28dbf4280aa9d5058c80ededc2') in 0.033492 seconds 
========================================================================
Received Import Request.
  Time since last request: 3.285661 seconds.
  path: Assets/Prefabs/SlimePBR.prefab
  artifactKey: Guid(0b84c3810cea9674f8215521e38600d9) Importer(815301076,1909f56bfc062723c751e8b465ee728b)
Start importing Assets/Prefabs/SlimePBR.prefab using Guid(0b84c3810cea9674f8215521e38600d9) Importer(815301076,1909f56bfc062723c751e8b465ee728b)  -> (artifact id: '4519f07792af025149aae019f97e61d4') in 0.043444 seconds 
========================================================================
Received Import Request.
  Time since last request: 4.386621 seconds.
  path: Assets/Prefabs/SlimePBR.prefab
  artifactKey: Guid(0b84c3810cea9674f8215521e38600d9) Importer(815301076,1909f56bfc062723c751e8b465ee728b)
Start importing Assets/Prefabs/SlimePBR.prefab using Guid(0b84c3810cea9674f8215521e38600d9) Importer(815301076,1909f56bfc062723c751e8b465ee728b)  -> (artifact id: '9a66bffd85c0ff54bffc390aff6002f2') in 0.034785 seconds 
========================================================================
Received Import Request.
  Time since last request: 17.924424 seconds.
  path: Assets/Prefabs/TurtleShell.prefab
  artifactKey: Guid(54e9e186f9672d44e821c9bf0955f52c) Importer(815301076,1909f56bfc062723c751e8b465ee728b)
Start importing Assets/Prefabs/TurtleShell.prefab using Guid(54e9e186f9672d44e821c9bf0955f52c) Importer(815301076,1909f56bfc062723c751e8b465ee728b)  -> (artifact id: 'f41f27f829b1fd1c4adbb9017e5146db') in 0.039534 seconds 
========================================================================
Received Import Request.
  Time since last request: 8.963534 seconds.
  path: Assets/Prefabs/TurtleShellPBR.prefab
  artifactKey: Guid(2af0472475fdc6e4d95ab37efef537f3) Importer(815301076,1909f56bfc062723c751e8b465ee728b)
Start importing Assets/Prefabs/TurtleShellPBR.prefab using Guid(2af0472475fdc6e4d95ab37efef537f3) Importer(815301076,1909f56bfc062723c751e8b465ee728b)  -> (artifact id: '5f3f68053a9608d855b1169a29675dc6') in 0.033247 seconds 
========================================================================
Received Import Request.
  Time since last request: 2.359267 seconds.
  path: Assets/Prefabs/TurtleShellPBR.prefab
  artifactKey: Guid(2af0472475fdc6e4d95ab37efef537f3) Importer(815301076,1909f56bfc062723c751e8b465ee728b)
Start importing Assets/Prefabs/TurtleShellPBR.prefab using Guid(2af0472475fdc6e4d95ab37efef537f3) Importer(815301076,1909f56bfc062723c751e8b465ee728b)  -> (artifact id: '195258e9b53fdc78a46da272347a442e') in 0.035305 seconds 
========================================================================
Received Import Request.
  Time since last request: 1.278441 seconds.
  path: Assets/Prefabs/TurtleShell.prefab
  artifactKey: Guid(54e9e186f9672d44e821c9bf0955f52c) Importer(815301076,1909f56bfc062723c751e8b465ee728b)
Start importing Assets/Prefabs/TurtleShell.prefab using Guid(54e9e186f9672d44e821c9bf0955f52c) Importer(815301076,1909f56bfc062723c751e8b465ee728b)  -> (artifact id: '097e9569039f18b3d364977f4c435c4c') in 0.033299 seconds 
========================================================================
Received Import Request.
  Time since last request: 1.962198 seconds.
  path: Assets/Prefabs/TurtleShell.prefab
  artifactKey: Guid(54e9e186f9672d44e821c9bf0955f52c) Importer(815301076,1909f56bfc062723c751e8b465ee728b)
Start importing Assets/Prefabs/TurtleShell.prefab using Guid(54e9e186f9672d44e821c9bf0955f52c) Importer(815301076,1909f56bfc062723c751e8b465ee728b)  -> (artifact id: '91bce52a7292713f95c69dece3ec2e62') in 0.032861 seconds 
========================================================================
Received Import Request.
  Time since last request: 1.274416 seconds.
  path: Assets/Prefabs/Slime.prefab
  artifactKey: Guid(b4239c9ca33f50c47aa3e8bfe378f17c) Importer(815301076,1909f56bfc062723c751e8b465ee728b)
Start importing Assets/Prefabs/Slime.prefab using Guid(b4239c9ca33f50c47aa3e8bfe378f17c) Importer(815301076,1909f56bfc062723c751e8b465ee728b)  -> (artifact id: '5c8479f55bb61f2fb2000df04f4511f0') in 0.026188 seconds 
========================================================================
Received Import Request.
  Time since last request: 1.321830 seconds.
  path: Assets/Prefabs/Slime.prefab
  artifactKey: Guid(b4239c9ca33f50c47aa3e8bfe378f17c) Importer(815301076,1909f56bfc062723c751e8b465ee728b)
Start importing Assets/Prefabs/Slime.prefab using Guid(b4239c9ca33f50c47aa3e8bfe378f17c) Importer(815301076,1909f56bfc062723c751e8b465ee728b)  -> (artifact id: 'adb3736a82e39ddef3566f4e342b3af4') in 0.025924 seconds 
========================================================================
Received Import Request.
  Time since last request: 1.482902 seconds.
  path: Assets/Prefabs/SlimePBR.prefab
  artifactKey: Guid(0b84c3810cea9674f8215521e38600d9) Importer(815301076,1909f56bfc062723c751e8b465ee728b)
Start importing Assets/Prefabs/SlimePBR.prefab using Guid(0b84c3810cea9674f8215521e38600d9) Importer(815301076,1909f56bfc062723c751e8b465ee728b)  -> (artifact id: '78d6511000a03c6e69b82525f298d574') in 0.025928 seconds 
========================================================================
Received Prepare
Registering precompiled user dll's ...
Registered in 0.003558 seconds.
Begin MonoManager ReloadAssembly
Native extension for WindowsStandalone target not found
Refreshing native plugins compatible for Editor in 0.52 ms, found 2 plugins.
Preloading 0 native plugins for Editor in 0.00 ms.
Mono: successfully reloaded assembly
- Completed reload, in  1.319 seconds
Domain Reload Profiling:
	ReloadAssembly (1320ms)
		BeginReloadAssembly (144ms)
			ExecutionOrderSort (0ms)
			DisableScriptedObjects (5ms)
			BackupInstance (0ms)
			ReleaseScriptingObjects (0ms)
			CreateAndSetChildDomain (37ms)
		EndReloadAssembly (1097ms)
			LoadAssemblies (128ms)
			RebuildTransferFunctionScriptingTraits (0ms)
			SetupTypeCache (394ms)
			ReleaseScriptCaches (1ms)
			RebuildScriptCaches (61ms)
			SetupLoadedEditorAssemblies (397ms)
				LogAssemblyErrors (0ms)
				InitializePlatformSupportModulesInManaged (6ms)
				SetLoadedEditorAssemblies (1ms)
				RefreshPlugins (1ms)
				BeforeProcessingInitializeOnLoad (105ms)
				ProcessInitializeOnLoadAttributes (262ms)
				ProcessInitializeOnLoadMethodAttributes (13ms)
				AfterProcessingInitializeOnLoad (9ms)
				EditorAssembliesLoaded (0ms)
			ExecutionOrderSort2 (0ms)
			AwakeInstancesAfterBackupRestoration (9ms)
Platform modules already initialized, skipping
Refreshing native plugins compatible for Editor in 0.59 ms, found 2 plugins.
Preloading 0 native plugins for Editor in 0.00 ms.
Unloading 1654 Unused Serialized files (Serialized files now loaded: 0)
System memory in use before: 105.2 MB.
System memory in use after: 105.3 MB.

Unloading 12 unused Assets to reduce memory usage. Loaded Objects now: 2144.
Total: 2.891600 ms (FindLiveObjects: 0.139900 ms CreateObjectMapping: 0.068200 ms MarkObjects: 2.661900 ms  DeleteObjects: 0.020400 ms)

AssetImportParameters requested are different than current active one (requested -> active):
  custom:framework-win-MediaFoundation: 216162199b28c13a410421893ffa2e32 -> 
  custom:video-decoder-ogg-theora: a1e56fd34408186e4bbccfd4996cb3dc -> 
  custom:container-muxer-webm: aa71ff27fc2769a1b78a27578f13a17b -> 
  custom:container-demuxer-webm: 4f35f7cbe854078d1ac9338744f61a02 -> 
  custom:container-demuxer-ogg: 62fdf1f143b41e24485cea50d1cbac27 -> 
  custom:video-encoder-webm-vp8: eb34c28f22e8b96e1ab97ce403110664 -> 
  custom:video-decoder-webm-vp8: 9c59270c3fd7afecdb556c50c9e8de78 -> 
  custom:audio-decoder-ogg-vorbis: bf7c407c2cedff20999df2af8eb42d56 -> 
  custom:audio-encoder-webm-vorbis: bf7c407c2cedff20999df2af8eb42d56 -> 
========================================================================
Received Import Request.
  Time since last request: 7.284581 seconds.
  path: Assets/Prefabs/SlimePBR.prefab
  artifactKey: Guid(0b84c3810cea9674f8215521e38600d9) Importer(815301076,1909f56bfc062723c751e8b465ee728b)
Start importing Assets/Prefabs/SlimePBR.prefab using Guid(0b84c3810cea9674f8215521e38600d9) Importer(815301076,1909f56bfc062723c751e8b465ee728b)  -> (artifact id: 'b61722b16d704cf8e7ab50f37eb6aeba') in 0.094509 seconds 
========================================================================
Received Import Request.
  Time since last request: 36.141444 seconds.
  path: Assets/nimation
  artifactKey: Guid(5a94bd15f55784941acd96399b941f93) Importer(815301076,1909f56bfc062723c751e8b465ee728b)
Start importing Assets/nimation using Guid(5a94bd15f55784941acd96399b941f93) Importer(815301076,1909f56bfc062723c751e8b465ee728b)  -> (artifact id: '491511ddb884a9fc4d2da66f382d472e') in 0.011113 seconds 
========================================================================
Received Import Request.
  Time since last request: 7.044225 seconds.
  path: Assets/Animation
  artifactKey: Guid(5a94bd15f55784941acd96399b941f93) Importer(815301076,1909f56bfc062723c751e8b465ee728b)
Start importing Assets/Animation using Guid(5a94bd15f55784941acd96399b941f93) Importer(815301076,1909f56bfc062723c751e8b465ee728b)  -> (artifact id: '2cb1bc37706326a3130eef7e9e4984b0') in 0.007607 seconds 
========================================================================
Received Import Request.
  Time since last request: 293.360702 seconds.
  path: Assets/Asset/RPGHero/PromotionImage.jpg
  artifactKey: Guid(5cb6c6af00f7e294baeda13ac52fb671) Importer(815301076,1909f56bfc062723c751e8b465ee728b)
Start importing Assets/Asset/RPGHero/PromotionImage.jpg using Guid(5cb6c6af00f7e294baeda13ac52fb671) Importer(815301076,1909f56bfc062723c751e8b465ee728b)  -> (artifact id: 'd751a213ff16b57359521cba46ce8e98') in 0.045597 seconds 
========================================================================
Received Import Request.
  Time since last request: 2.018898 seconds.
  path: Assets/Asset/RPGHero/Prefabs
  artifactKey: Guid(a2a0b3e9614ce9644bcf0df7f50794ce) Importer(815301076,1909f56bfc062723c751e8b465ee728b)
Start importing Assets/Asset/RPGHero/Prefabs using Guid(a2a0b3e9614ce9644bcf0df7f50794ce) Importer(815301076,1909f56bfc062723c751e8b465ee728b)  -> (artifact id: '208d7d9d4c3495aef6d5b871bef5be9c') in 0.008254 seconds 
========================================================================
Received Import Request.
  Time since last request: 0.055719 seconds.
  path: Assets/Asset/RPGHero/Prefabs/RPGHeroHP.prefab
  artifactKey: Guid(c20397bf1592dc040b827e8716b0bd41) Importer(815301076,1909f56bfc062723c751e8b465ee728b)
Start importing Assets/Asset/RPGHero/Prefabs/RPGHeroHP.prefab using Guid(c20397bf1592dc040b827e8716b0bd41) Importer(815301076,1909f56bfc062723c751e8b465ee728b)  -> (artifact id: '34ecdafbd5b938a182a48340686f4bf3') in 0.122000 seconds 
========================================================================
Received Import Request.
  Time since last request: 0.000316 seconds.
  path: Assets/Asset/RPGHero/Prefabs/RPGHeroPolyart.prefab
  artifactKey: Guid(c647a6e9ba715004ebbf4dc6d7bd1e7a) Importer(815301076,1909f56bfc062723c751e8b465ee728b)
Start importing Assets/Asset/RPGHero/Prefabs/RPGHeroPolyart.prefab using Guid(c647a6e9ba715004ebbf4dc6d7bd1e7a) Importer(815301076,1909f56bfc062723c751e8b465ee728b)  -> (artifact id: '742614af782aabb3fa7eea13a990e55f') in 0.107872 seconds 
========================================================================
Received Import Request.
  Time since last request: 0.000210 seconds.
  path: Assets/Asset/RPGHero/Prefabs/RPGHeroPBR.prefab
  artifactKey: Guid(1543549dcdf638d488bd40cb68dd9b8e) Importer(815301076,1909f56bfc062723c751e8b465ee728b)
Start importing Assets/Asset/RPGHero/Prefabs/RPGHeroPBR.prefab using Guid(1543549dcdf638d488bd40cb68dd9b8e) Importer(815301076,1909f56bfc062723c751e8b465ee728b)  -> (artifact id: '5d0a9c966134295dabb7c3ebaaf6c9d4') in 0.129485 seconds 
========================================================================
Received Import Request.
  Time since last request: 43.693502 seconds.
  path: Assets/Prefabs/RPGHeroPolyart.prefab
  artifactKey: Guid(a056deefc7cf78e4889c75d548ae78f9) Importer(815301076,1909f56bfc062723c751e8b465ee728b)
Start importing Assets/Prefabs/RPGHeroPolyart.prefab using Guid(a056deefc7cf78e4889c75d548ae78f9) Importer(815301076,1909f56bfc062723c751e8b465ee728b)  -> (artifact id: '2031d44666619d1a6697e0d1b9c7d3c0') in 0.108463 seconds 
========================================================================
Received Import Request.
  Time since last request: 40.863628 seconds.
  path: Assets/Prefabs/RPGHeroPolyart.prefab
  artifactKey: Guid(a056deefc7cf78e4889c75d548ae78f9) Importer(815301076,1909f56bfc062723c751e8b465ee728b)
Start importing Assets/Prefabs/RPGHeroPolyart.prefab using Guid(a056deefc7cf78e4889c75d548ae78f9) Importer(815301076,1909f56bfc062723c751e8b465ee728b)  -> (artifact id: 'a0170741283a6d5b43eddc0713d6afe0') in 0.104869 seconds 
========================================================================
Received Import Request.
  Time since last request: 3.432942 seconds.
  path: Assets/Prefabs/RPGHeroPolyart.prefab
  artifactKey: Guid(a056deefc7cf78e4889c75d548ae78f9) Importer(815301076,1909f56bfc062723c751e8b465ee728b)
Start importing Assets/Prefabs/RPGHeroPolyart.prefab using Guid(a056deefc7cf78e4889c75d548ae78f9) Importer(815301076,1909f56bfc062723c751e8b465ee728b)  -> (artifact id: '2582e61db4b1f306da6b52c4b60e8357') in 0.105597 seconds 
========================================================================
Received Import Request.
  Time since last request: 0.301329 seconds.
  path: Assets/Prefabs/RPGHeroPolyart.prefab
  artifactKey: Guid(a056deefc7cf78e4889c75d548ae78f9) Importer(815301076,1909f56bfc062723c751e8b465ee728b)
Start importing Assets/Prefabs/RPGHeroPolyart.prefab using Guid(a056deefc7cf78e4889c75d548ae78f9) Importer(815301076,1909f56bfc062723c751e8b465ee728b)  -> (artifact id: '450a763af247901fed65a57056c19201') in 0.103034 seconds 
========================================================================
Received Import Request.
  Time since last request: 0.302348 seconds.
  path: Assets/Prefabs/RPGHeroPolyart.prefab
  artifactKey: Guid(a056deefc7cf78e4889c75d548ae78f9) Importer(815301076,1909f56bfc062723c751e8b465ee728b)
Start importing Assets/Prefabs/RPGHeroPolyart.prefab using Guid(a056deefc7cf78e4889c75d548ae78f9) Importer(815301076,1909f56bfc062723c751e8b465ee728b)  -> (artifact id: '397589634519a1d5cfc9dbf7099bb20b') in 0.104249 seconds 
========================================================================
Received Import Request.
  Time since last request: 3.128754 seconds.
  path: Assets/Prefabs/RPGHeroPolyart.prefab
  artifactKey: Guid(a056deefc7cf78e4889c75d548ae78f9) Importer(815301076,1909f56bfc062723c751e8b465ee728b)
Start importing Assets/Prefabs/RPGHeroPolyart.prefab using Guid(a056deefc7cf78e4889c75d548ae78f9) Importer(815301076,1909f56bfc062723c751e8b465ee728b)  -> (artifact id: '8dafd96cf95919713d4efb81e98aeda1') in 0.109117 seconds 
========================================================================
Received Import Request.
  Time since last request: 3.549256 seconds.
  path: Assets/Prefabs/RPGHeroPolyart.prefab
  artifactKey: Guid(a056deefc7cf78e4889c75d548ae78f9) Importer(815301076,1909f56bfc062723c751e8b465ee728b)
Start importing Assets/Prefabs/RPGHeroPolyart.prefab using Guid(a056deefc7cf78e4889c75d548ae78f9) Importer(815301076,1909f56bfc062723c751e8b465ee728b)  -> (artifact id: '7acb2bf60d2411a3b6cc09154c90d362') in 0.110641 seconds 
========================================================================
Received Import Request.
  Time since last request: 13.923066 seconds.
  path: Assets/Prefabs/RPGHeroPolyart.prefab
  artifactKey: Guid(a056deefc7cf78e4889c75d548ae78f9) Importer(815301076,1909f56bfc062723c751e8b465ee728b)
Start importing Assets/Prefabs/RPGHeroPolyart.prefab using Guid(a056deefc7cf78e4889c75d548ae78f9) Importer(815301076,1909f56bfc062723c751e8b465ee728b)  -> (artifact id: '9704dd8b11ede7e362752d1385b52525') in 0.101791 seconds 
========================================================================
Received Import Request.
  Time since last request: 7.509259 seconds.
  path: Assets/Asset/RPGHero/Meshes/Stage.fbx
  artifactKey: Guid(433ba552641724b44889f4b106bec3f5) Importer(815301076,1909f56bfc062723c751e8b465ee728b)
Start importing Assets/Asset/RPGHero/Meshes/Stage.fbx using Guid(433ba552641724b44889f4b106bec3f5) Importer(815301076,1909f56bfc062723c751e8b465ee728b)  -> (artifact id: 'd52ca878fd7946f0eb2c3523b7dbf195') in 0.073940 seconds 
========================================================================
Received Import Request.
  Time since last request: 0.000233 seconds.
  path: Assets/Asset/RPGHero/Meshes/NewFreeRPGHeroPolyart.fbx
  artifactKey: Guid(e4aa31f274820b94eb0d0b764e0f383b) Importer(815301076,1909f56bfc062723c751e8b465ee728b)
Start importing Assets/Asset/RPGHero/Meshes/NewFreeRPGHeroPolyart.fbx using Guid(e4aa31f274820b94eb0d0b764e0f383b) Importer(815301076,1909f56bfc062723c751e8b465ee728b)  -> (artifact id: '7af85f74d8f0a0da35752c0b3af0c4f3') in 0.034667 seconds 
========================================================================
Received Import Request.
  Time since last request: 1.008128 seconds.
  path: Assets/Asset/RPGHero/Meshes/NewFreeRPGHero.fbx
  artifactKey: Guid(9ce6002518e821e43b4f97c76700fbac) Importer(815301076,1909f56bfc062723c751e8b465ee728b)
Start importing Assets/Asset/RPGHero/Meshes/NewFreeRPGHero.fbx using Guid(9ce6002518e821e43b4f97c76700fbac) Importer(815301076,1909f56bfc062723c751e8b465ee728b)  -> (artifact id: '8fb9fa014b8b742115e311d508e1b03b') in 0.033134 seconds 
========================================================================
Received Import Request.
  Time since last request: 0.000233 seconds.
  path: Assets/Asset/RPGHero/Meshes/Shield.fbx
  artifactKey: Guid(9d34b073abce58249a1f664619a13aaa) Importer(815301076,1909f56bfc062723c751e8b465ee728b)
Start importing Assets/Asset/RPGHero/Meshes/Shield.fbx using Guid(9d34b073abce58249a1f664619a13aaa) Importer(815301076,1909f56bfc062723c751e8b465ee728b)  -> (artifact id: '9de6ff06643c2f31a4d7616bb1a90006') in 0.029207 seconds 
========================================================================
Received Import Request.
  Time since last request: 0.000279 seconds.
  path: Assets/Asset/RPGHero/Meshes/PolyartShield.fbx
  artifactKey: Guid(82d123ce4a1a7824bae34da0dd9e13f5) Importer(815301076,1909f56bfc062723c751e8b465ee728b)
Start importing Assets/Asset/RPGHero/Meshes/PolyartShield.fbx using Guid(82d123ce4a1a7824bae34da0dd9e13f5) Importer(815301076,1909f56bfc062723c751e8b465ee728b)  -> (artifact id: '2dd7d5e715e644da3594dc8ce652ca67') in 0.026472 seconds 
========================================================================
Received Import Request.
  Time since last request: 0.947655 seconds.
  path: Assets/Asset/RPGHero/Meshes/Sword.fbx
  artifactKey: Guid(64564c9f5e409974297b87494cbe4731) Importer(815301076,1909f56bfc062723c751e8b465ee728b)
Start importing Assets/Asset/RPGHero/Meshes/Sword.fbx using Guid(64564c9f5e409974297b87494cbe4731) Importer(815301076,1909f56bfc062723c751e8b465ee728b)  -> (artifact id: '55df6a5108fd4abc2dce87dbf1dec846') in 0.036255 seconds 
========================================================================
Received Import Request.
  Time since last request: 0.301114 seconds.
  path: Assets/Asset/RPGHero/Meshes/PolyartSword.fbx
  artifactKey: Guid(8e748ab8b2b891145b67425cad73aebf) Importer(815301076,1909f56bfc062723c751e8b465ee728b)
Start importing Assets/Asset/RPGHero/Meshes/PolyartSword.fbx using Guid(8e748ab8b2b891145b67425cad73aebf) Importer(815301076,1909f56bfc062723c751e8b465ee728b)  -> (artifact id: '3c00c205a7cc35c0ee746ddad1e2611c') in 0.024528 seconds 
========================================================================
Received Import Request.
  Time since last request: 11.948600 seconds.
  path: Assets/Asset/RPGHero
  artifactKey: Guid(2272ec5ea468961428a79c2a8cad38f0) Importer(815301076,1909f56bfc062723c751e8b465ee728b)
Start importing Assets/Asset/RPGHero using Guid(2272ec5ea468961428a79c2a8cad38f0) Importer(815301076,1909f56bfc062723c751e8b465ee728b)  -> (artifact id: '113f2dc2e4f2400e7e90644448a70422') in 0.011057 seconds 
========================================================================
Received Import Request.
  Time since last request: 2.039489 seconds.
  path: Assets/Asset/RPGHero/Meshes
  artifactKey: Guid(c241ccf12f2a2c043a2d58193b8abcf0) Importer(815301076,1909f56bfc062723c751e8b465ee728b)
Start importing Assets/Asset/RPGHero/Meshes using Guid(c241ccf12f2a2c043a2d58193b8abcf0) Importer(815301076,1909f56bfc062723c751e8b465ee728b)  -> (artifact id: 'c5c58783988b60cf38ec00bc3e835af0') in 0.008057 seconds 
========================================================================
Received Import Request.
  Time since last request: 448.541420 seconds.
  path: Assets/Prefabs/RPGHeroPolyart.prefab
  artifactKey: Guid(a056deefc7cf78e4889c75d548ae78f9) Importer(815301076,1909f56bfc062723c751e8b465ee728b)
Start importing Assets/Prefabs/RPGHeroPolyart.prefab using Guid(a056deefc7cf78e4889c75d548ae78f9) Importer(815301076,1909f56bfc062723c751e8b465ee728b)  -> (artifact id: 'e18fcef7390eab28e3737f5b6b69ef3a') in 0.103433 seconds 
========================================================================
Received Import Request.
  Time since last request: 12.872716 seconds.
  path: Assets/Prefabs/RPGHeroPolyart.prefab
  artifactKey: Guid(a056deefc7cf78e4889c75d548ae78f9) Importer(815301076,1909f56bfc062723c751e8b465ee728b)
Start importing Assets/Prefabs/RPGHeroPolyart.prefab using Guid(a056deefc7cf78e4889c75d548ae78f9) Importer(815301076,1909f56bfc062723c751e8b465ee728b)  -> (artifact id: 'd51dc3a9f5e4239dc8d9f5cf97c1ecd9') in 0.104113 seconds 
========================================================================
Received Import Request.
  Time since last request: 4.656280 seconds.
  path: Assets/Prefabs/RPGHeroPolyart.prefab
  artifactKey: Guid(a056deefc7cf78e4889c75d548ae78f9) Importer(815301076,1909f56bfc062723c751e8b465ee728b)
Start importing Assets/Prefabs/RPGHeroPolyart.prefab using Guid(a056deefc7cf78e4889c75d548ae78f9) Importer(815301076,1909f56bfc062723c751e8b465ee728b)  -> (artifact id: '3e300e4875c0f36c5b039a34114cc7b5') in 0.100155 seconds 
========================================================================
Received Import Request.
  Time since last request: 1.525991 seconds.
  path: Assets/Prefabs/RPGHeroPolyart.prefab
  artifactKey: Guid(a056deefc7cf78e4889c75d548ae78f9) Importer(815301076,1909f56bfc062723c751e8b465ee728b)
Start importing Assets/Prefabs/RPGHeroPolyart.prefab using Guid(a056deefc7cf78e4889c75d548ae78f9) Importer(815301076,1909f56bfc062723c751e8b465ee728b)  -> (artifact id: '4e3d8a5ea551fbcd84c3f80d9672efa1') in 0.099434 seconds 
========================================================================
Received Import Request.
  Time since last request: 7.625667 seconds.
  path: Assets/Prefabs/RPGHeroPolyart.prefab
  artifactKey: Guid(a056deefc7cf78e4889c75d548ae78f9) Importer(815301076,1909f56bfc062723c751e8b465ee728b)
Start importing Assets/Prefabs/RPGHeroPolyart.prefab using Guid(a056deefc7cf78e4889c75d548ae78f9) Importer(815301076,1909f56bfc062723c751e8b465ee728b)  -> (artifact id: 'ccaefd7e0d2e59c0cac4a5b6482bdb4f') in 0.102265 seconds 
========================================================================
Received Import Request.
  Time since last request: 16.112036 seconds.
  path: Assets/Prefabs/RPGHeroPolyart.prefab
  artifactKey: Guid(a056deefc7cf78e4889c75d548ae78f9) Importer(815301076,1909f56bfc062723c751e8b465ee728b)
Start importing Assets/Prefabs/RPGHeroPolyart.prefab using Guid(a056deefc7cf78e4889c75d548ae78f9) Importer(815301076,1909f56bfc062723c751e8b465ee728b)  -> (artifact id: 'bb641235bc0fa74bcfa2b9f815c581c8') in 0.099765 seconds 
========================================================================
Received Import Request.
  Time since last request: 2.262607 seconds.
  path: Assets/Prefabs/RPGHeroPolyart.prefab
  artifactKey: Guid(a056deefc7cf78e4889c75d548ae78f9) Importer(815301076,1909f56bfc062723c751e8b465ee728b)
Start importing Assets/Prefabs/RPGHeroPolyart.prefab using Guid(a056deefc7cf78e4889c75d548ae78f9) Importer(815301076,1909f56bfc062723c751e8b465ee728b)  -> (artifact id: '54b1d1f2ae28f0e1d8cadd01b967c70a') in 0.107855 seconds 
========================================================================
Received Prepare
Registering precompiled user dll's ...
Registered in 0.004165 seconds.
Begin MonoManager ReloadAssembly
Native extension for WindowsStandalone target not found
Refreshing native plugins compatible for Editor in 0.47 ms, found 2 plugins.
Preloading 0 native plugins for Editor in 0.00 ms.
Mono: successfully reloaded assembly
- Completed reload, in  1.242 seconds
Domain Reload Profiling:
	ReloadAssembly (1243ms)
		BeginReloadAssembly (150ms)
			ExecutionOrderSort (0ms)
			DisableScriptedObjects (6ms)
			BackupInstance (0ms)
			ReleaseScriptingObjects (0ms)
			CreateAndSetChildDomain (37ms)
		EndReloadAssembly (1007ms)
			LoadAssemblies (130ms)
			RebuildTransferFunctionScriptingTraits (0ms)
			SetupTypeCache (353ms)
			ReleaseScriptCaches (1ms)
			RebuildScriptCaches (54ms)
			SetupLoadedEditorAssemblies (369ms)
				LogAssemblyErrors (0ms)
				InitializePlatformSupportModulesInManaged (6ms)
				SetLoadedEditorAssemblies (1ms)
				RefreshPlugins (1ms)
				BeforeProcessingInitializeOnLoad (96ms)
				ProcessInitializeOnLoadAttributes (246ms)
				ProcessInitializeOnLoadMethodAttributes (11ms)
				AfterProcessingInitializeOnLoad (9ms)
				EditorAssembliesLoaded (0ms)
			ExecutionOrderSort2 (0ms)
			AwakeInstancesAfterBackupRestoration (9ms)
Platform modules already initialized, skipping
Refreshing native plugins compatible for Editor in 0.49 ms, found 2 plugins.
Preloading 0 native plugins for Editor in 0.00 ms.
Unloading 1654 Unused Serialized files (Serialized files now loaded: 0)
System memory in use before: 105.5 MB.
System memory in use after: 105.6 MB.

Unloading 13 unused Assets to reduce memory usage. Loaded Objects now: 2153.
Total: 3.277500 ms (FindLiveObjects: 0.178700 ms CreateObjectMapping: 0.122000 ms MarkObjects: 2.949300 ms  DeleteObjects: 0.026400 ms)

AssetImportParameters requested are different than current active one (requested -> active):
  custom:framework-win-MediaFoundation: 216162199b28c13a410421893ffa2e32 -> 
  custom:video-decoder-ogg-theora: a1e56fd34408186e4bbccfd4996cb3dc -> 
  custom:container-muxer-webm: aa71ff27fc2769a1b78a27578f13a17b -> 
  custom:container-demuxer-webm: 4f35f7cbe854078d1ac9338744f61a02 -> 
  custom:container-demuxer-ogg: 62fdf1f143b41e24485cea50d1cbac27 -> 
  custom:video-encoder-webm-vp8: eb34c28f22e8b96e1ab97ce403110664 -> 
  custom:video-decoder-webm-vp8: 9c59270c3fd7afecdb556c50c9e8de78 -> 
  custom:audio-decoder-ogg-vorbis: bf7c407c2cedff20999df2af8eb42d56 -> 
  custom:audio-encoder-webm-vorbis: bf7c407c2cedff20999df2af8eb42d56 -> 
========================================================================
Received Import Request.
  Time since last request: 43.220746 seconds.
  path: Assets/Prefabs/RPGHeroPolyart.prefab
  artifactKey: Guid(a056deefc7cf78e4889c75d548ae78f9) Importer(815301076,1909f56bfc062723c751e8b465ee728b)
Start importing Assets/Prefabs/RPGHeroPolyart.prefab using Guid(a056deefc7cf78e4889c75d548ae78f9) Importer(815301076,1909f56bfc062723c751e8b465ee728b)  -> (artifact id: '849702f4d833bd6bfce8e2cf99878e62') in 0.157654 seconds 
========================================================================
Received Prepare
Registering precompiled user dll's ...
Registered in 0.003652 seconds.
Begin MonoManager ReloadAssembly
Native extension for WindowsStandalone target not found
Refreshing native plugins compatible for Editor in 0.64 ms, found 2 plugins.
Preloading 0 native plugins for Editor in 0.00 ms.
Mono: successfully reloaded assembly
- Completed reload, in  1.360 seconds
Domain Reload Profiling:
	ReloadAssembly (1361ms)
		BeginReloadAssembly (166ms)
			ExecutionOrderSort (0ms)
			DisableScriptedObjects (7ms)
			BackupInstance (0ms)
			ReleaseScriptingObjects (0ms)
			CreateAndSetChildDomain (44ms)
		EndReloadAssembly (1101ms)
			LoadAssemblies (143ms)
			RebuildTransferFunctionScriptingTraits (0ms)
			SetupTypeCache (412ms)
			ReleaseScriptCaches (1ms)
			RebuildScriptCaches (58ms)
			SetupLoadedEditorAssemblies (385ms)
				LogAssemblyErrors (0ms)
				InitializePlatformSupportModulesInManaged (6ms)
				SetLoadedEditorAssemblies (1ms)
				RefreshPlugins (1ms)
				BeforeProcessingInitializeOnLoad (110ms)
				ProcessInitializeOnLoadAttributes (247ms)
				ProcessInitializeOnLoadMethodAttributes (11ms)
				AfterProcessingInitializeOnLoad (9ms)
				EditorAssembliesLoaded (0ms)
			ExecutionOrderSort2 (0ms)
			AwakeInstancesAfterBackupRestoration (8ms)
Platform modules already initialized, skipping
Refreshing native plugins compatible for Editor in 0.48 ms, found 2 plugins.
Preloading 0 native plugins for Editor in 0.00 ms.
Unloading 1654 Unused Serialized files (Serialized files now loaded: 0)
System memory in use before: 105.5 MB.
System memory in use after: 105.6 MB.

Unloading 12 unused Assets to reduce memory usage. Loaded Objects now: 2157.
Total: 3.252600 ms (FindLiveObjects: 0.166800 ms CreateObjectMapping: 0.106600 ms MarkObjects: 2.955900 ms  DeleteObjects: 0.022100 ms)

AssetImportParameters requested are different than current active one (requested -> active):
  custom:framework-win-MediaFoundation: 216162199b28c13a410421893ffa2e32 -> 
  custom:video-decoder-ogg-theora: a1e56fd34408186e4bbccfd4996cb3dc -> 
  custom:container-muxer-webm: aa71ff27fc2769a1b78a27578f13a17b -> 
  custom:container-demuxer-webm: 4f35f7cbe854078d1ac9338744f61a02 -> 
  custom:container-demuxer-ogg: 62fdf1f143b41e24485cea50d1cbac27 -> 
  custom:video-encoder-webm-vp8: eb34c28f22e8b96e1ab97ce403110664 -> 
  custom:video-decoder-webm-vp8: 9c59270c3fd7afecdb556c50c9e8de78 -> 
  custom:audio-decoder-ogg-vorbis: bf7c407c2cedff20999df2af8eb42d56 -> 
  custom:audio-encoder-webm-vorbis: bf7c407c2cedff20999df2af8eb42d56 -> 
========================================================================
Received Import Request.
  Time since last request: 98.918349 seconds.
  path: Assets/Prefabs/RPGHeroPolyart.prefab
  artifactKey: Guid(a056deefc7cf78e4889c75d548ae78f9) Importer(815301076,1909f56bfc062723c751e8b465ee728b)
Start importing Assets/Prefabs/RPGHeroPolyart.prefab using Guid(a056deefc7cf78e4889c75d548ae78f9) Importer(815301076,1909f56bfc062723c751e8b465ee728b)  -> (artifact id: '6b377050851b523b7a4cd74e77acbecf') in 0.158708 seconds 
========================================================================
Received Prepare
Registering precompiled user dll's ...
Registered in 0.003933 seconds.
Begin MonoManager ReloadAssembly
Native extension for WindowsStandalone target not found
Refreshing native plugins compatible for Editor in 0.49 ms, found 2 plugins.
Preloading 0 native plugins for Editor in 0.00 ms.
Mono: successfully reloaded assembly
- Completed reload, in  1.280 seconds
Domain Reload Profiling:
	ReloadAssembly (1281ms)
		BeginReloadAssembly (144ms)
			ExecutionOrderSort (0ms)
			DisableScriptedObjects (7ms)
			BackupInstance (0ms)
			ReleaseScriptingObjects (0ms)
			CreateAndSetChildDomain (36ms)
		EndReloadAssembly (1053ms)
			LoadAssemblies (126ms)
			RebuildTransferFunctionScriptingTraits (0ms)
			SetupTypeCache (347ms)
			ReleaseScriptCaches (1ms)
			RebuildScriptCaches (60ms)
			SetupLoadedEditorAssemblies (402ms)
				LogAssemblyErrors (0ms)
				InitializePlatformSupportModulesInManaged (7ms)
				SetLoadedEditorAssemblies (1ms)
				RefreshPlugins (1ms)
				BeforeProcessingInitializeOnLoad (105ms)
				ProcessInitializeOnLoadAttributes (267ms)
				ProcessInitializeOnLoadMethodAttributes (13ms)
				AfterProcessingInitializeOnLoad (9ms)
				EditorAssembliesLoaded (0ms)
			ExecutionOrderSort2 (0ms)
			AwakeInstancesAfterBackupRestoration (9ms)
Platform modules already initialized, skipping
Refreshing native plugins compatible for Editor in 0.55 ms, found 2 plugins.
Preloading 0 native plugins for Editor in 0.00 ms.
Unloading 1654 Unused Serialized files (Serialized files now loaded: 0)
System memory in use before: 105.5 MB.
System memory in use after: 105.6 MB.

Unloading 12 unused Assets to reduce memory usage. Loaded Objects now: 2161.
Total: 3.159200 ms (FindLiveObjects: 0.168400 ms CreateObjectMapping: 0.104600 ms MarkObjects: 2.859600 ms  DeleteObjects: 0.025700 ms)

AssetImportParameters requested are different than current active one (requested -> active):
  custom:framework-win-MediaFoundation: 216162199b28c13a410421893ffa2e32 -> 
  custom:video-decoder-ogg-theora: a1e56fd34408186e4bbccfd4996cb3dc -> 
  custom:container-muxer-webm: aa71ff27fc2769a1b78a27578f13a17b -> 
  custom:container-demuxer-webm: 4f35f7cbe854078d1ac9338744f61a02 -> 
  custom:container-demuxer-ogg: 62fdf1f143b41e24485cea50d1cbac27 -> 
  custom:video-encoder-webm-vp8: eb34c28f22e8b96e1ab97ce403110664 -> 
  custom:video-decoder-webm-vp8: 9c59270c3fd7afecdb556c50c9e8de78 -> 
  custom:audio-decoder-ogg-vorbis: bf7c407c2cedff20999df2af8eb42d56 -> 
  custom:audio-encoder-webm-vorbis: bf7c407c2cedff20999df2af8eb42d56 -> 
========================================================================
Received Import Request.
  Time since last request: 62.178088 seconds.
  path: Assets/Prefabs/RPGHeroPolyart.prefab
  artifactKey: Guid(a056deefc7cf78e4889c75d548ae78f9) Importer(815301076,1909f56bfc062723c751e8b465ee728b)
Start importing Assets/Prefabs/RPGHeroPolyart.prefab using Guid(a056deefc7cf78e4889c75d548ae78f9) Importer(815301076,1909f56bfc062723c751e8b465ee728b)  -> (artifact id: '45ac861a693357aa979978be454b179a') in 0.172923 seconds 
========================================================================
Received Import Request.
  Time since last request: 147.022065 seconds.
  path: Assets/Asset/SimpleNaturePack/Prefabs
  artifactKey: Guid(245080b10b3a2d542a041d0b8f4fe0dc) Importer(815301076,1909f56bfc062723c751e8b465ee728b)
Start importing Assets/Asset/SimpleNaturePack/Prefabs using Guid(245080b10b3a2d542a041d0b8f4fe0dc) Importer(815301076,1909f56bfc062723c751e8b465ee728b)  -> (artifact id: 'c009f8b6629b016331927391c2229fa5') in 0.003938 seconds 
========================================================================
Received Prepare
Registering precompiled user dll's ...
Registered in 0.005169 seconds.
Begin MonoManager ReloadAssembly
Native extension for WindowsStandalone target not found
Refreshing native plugins compatible for Editor in 0.48 ms, found 2 plugins.
Preloading 0 native plugins for Editor in 0.00 ms.
Mono: successfully reloaded assembly
- Completed reload, in  1.465 seconds
Domain Reload Profiling:
	ReloadAssembly (1465ms)
		BeginReloadAssembly (160ms)
			ExecutionOrderSort (0ms)
			DisableScriptedObjects (7ms)
			BackupInstance (0ms)
			ReleaseScriptingObjects (0ms)
			CreateAndSetChildDomain (39ms)
		EndReloadAssembly (1215ms)
			LoadAssemblies (148ms)
			RebuildTransferFunctionScriptingTraits (0ms)
			SetupTypeCache (474ms)
			ReleaseScriptCaches (1ms)
			RebuildScriptCaches (63ms)
			SetupLoadedEditorAssemblies (414ms)
				LogAssemblyErrors (0ms)
				InitializePlatformSupportModulesInManaged (7ms)
				SetLoadedEditorAssemblies (1ms)
				RefreshPlugins (1ms)
				BeforeProcessingInitializeOnLoad (109ms)
				ProcessInitializeOnLoadAttributes (273ms)
				ProcessInitializeOnLoadMethodAttributes (15ms)
				AfterProcessingInitializeOnLoad (9ms)
				EditorAssembliesLoaded (0ms)
			ExecutionOrderSort2 (0ms)
			AwakeInstancesAfterBackupRestoration (9ms)
Platform modules already initialized, skipping
Refreshing native plugins compatible for Editor in 0.78 ms, found 2 plugins.
Preloading 0 native plugins for Editor in 0.00 ms.
Unloading 1654 Unused Serialized files (Serialized files now loaded: 0)
System memory in use before: 105.5 MB.
System memory in use after: 105.7 MB.

Unloading 12 unused Assets to reduce memory usage. Loaded Objects now: 2165.
Total: 3.272100 ms (FindLiveObjects: 0.179300 ms CreateObjectMapping: 0.118100 ms MarkObjects: 2.949600 ms  DeleteObjects: 0.024100 ms)

AssetImportParameters requested are different than current active one (requested -> active):
  custom:framework-win-MediaFoundation: 216162199b28c13a410421893ffa2e32 -> 
  custom:video-decoder-ogg-theora: a1e56fd34408186e4bbccfd4996cb3dc -> 
  custom:container-muxer-webm: aa71ff27fc2769a1b78a27578f13a17b -> 
  custom:container-demuxer-webm: 4f35f7cbe854078d1ac9338744f61a02 -> 
  custom:container-demuxer-ogg: 62fdf1f143b41e24485cea50d1cbac27 -> 
  custom:video-encoder-webm-vp8: eb34c28f22e8b96e1ab97ce403110664 -> 
  custom:video-decoder-webm-vp8: 9c59270c3fd7afecdb556c50c9e8de78 -> 
  custom:audio-decoder-ogg-vorbis: bf7c407c2cedff20999df2af8eb42d56 -> 
  custom:audio-encoder-webm-vorbis: bf7c407c2cedff20999df2af8eb42d56 -> 
========================================================================
Received Import Request.
  Time since last request: 2064.895443 seconds.
  path: Assets/Asset/RPGHero/SRP
  artifactKey: Guid(a02bc95b4839d724d8f024f05920509b) Importer(815301076,1909f56bfc062723c751e8b465ee728b)
Start importing Assets/Asset/RPGHero/SRP using Guid(a02bc95b4839d724d8f024f05920509b) Importer(815301076,1909f56bfc062723c751e8b465ee728b)  -> (artifact id: '3eda579d1ec81747c75eb5d72be5988c') in 0.010258 seconds 
========================================================================
Received Import Request.
  Time since last request: 379.617387 seconds.
  path: Assets/Main Menu
  artifactKey: Guid(5cc87faef0d16da4ba6790ef1173d6f4) Importer(815301076,1909f56bfc062723c751e8b465ee728b)
Start importing Assets/Main Menu using Guid(5cc87faef0d16da4ba6790ef1173d6f4) Importer(815301076,1909f56bfc062723c751e8b465ee728b)  -> (artifact id: '6b273fbda2b82b016d7caac8eb16f476') in 0.008536 seconds 
========================================================================
Received Prepare
Registering precompiled user dll's ...
Registered in 0.003965 seconds.
Begin MonoManager ReloadAssembly
Native extension for WindowsStandalone target not found
Refreshing native plugins compatible for Editor in 0.49 ms, found 2 plugins.
Preloading 0 native plugins for Editor in 0.00 ms.
Mono: successfully reloaded assembly
- Completed reload, in  1.358 seconds
Domain Reload Profiling:
	ReloadAssembly (1358ms)
		BeginReloadAssembly (153ms)
			ExecutionOrderSort (0ms)
			DisableScriptedObjects (7ms)
			BackupInstance (0ms)
			ReleaseScriptingObjects (0ms)
			CreateAndSetChildDomain (36ms)
		EndReloadAssembly (1111ms)
			LoadAssemblies (142ms)
			RebuildTransferFunctionScriptingTraits (0ms)
			SetupTypeCache (365ms)
			ReleaseScriptCaches (2ms)
			RebuildScriptCaches (55ms)
			SetupLoadedEditorAssemblies (439ms)
				LogAssemblyErrors (0ms)
				InitializePlatformSupportModulesInManaged (6ms)
				SetLoadedEditorAssemblies (1ms)
				RefreshPlugins (1ms)
				BeforeProcessingInitializeOnLoad (101ms)
				ProcessInitializeOnLoadAttributes (305ms)
				ProcessInitializeOnLoadMethodAttributes (13ms)
				AfterProcessingInitializeOnLoad (12ms)
				EditorAssembliesLoaded (0ms)
			ExecutionOrderSort2 (0ms)
			AwakeInstancesAfterBackupRestoration (11ms)
Platform modules already initialized, skipping
Refreshing native plugins compatible for Editor in 0.49 ms, found 2 plugins.
Preloading 0 native plugins for Editor in 0.00 ms.
Unloading 1654 Unused Serialized files (Serialized files now loaded: 0)
System memory in use before: 105.5 MB.
System memory in use after: 105.7 MB.

Unloading 12 unused Assets to reduce memory usage. Loaded Objects now: 2168.
Total: 3.172800 ms (FindLiveObjects: 0.158200 ms CreateObjectMapping: 0.079600 ms MarkObjects: 2.908600 ms  DeleteObjects: 0.025100 ms)

AssetImportParameters requested are different than current active one (requested -> active):
  custom:framework-win-MediaFoundation: 216162199b28c13a410421893ffa2e32 -> 
  custom:video-decoder-ogg-theora: a1e56fd34408186e4bbccfd4996cb3dc -> 
  custom:container-muxer-webm: aa71ff27fc2769a1b78a27578f13a17b -> 
  custom:container-demuxer-webm: 4f35f7cbe854078d1ac9338744f61a02 -> 
  custom:container-demuxer-ogg: 62fdf1f143b41e24485cea50d1cbac27 -> 
  custom:video-encoder-webm-vp8: eb34c28f22e8b96e1ab97ce403110664 -> 
  custom:video-decoder-webm-vp8: 9c59270c3fd7afecdb556c50c9e8de78 -> 
  custom:audio-decoder-ogg-vorbis: bf7c407c2cedff20999df2af8eb42d56 -> 
  custom:audio-encoder-webm-vorbis: bf7c407c2cedff20999df2af8eb42d56 -> 
========================================================================
Received Prepare
Registering precompiled user dll's ...
Registered in 0.003725 seconds.
Begin MonoManager ReloadAssembly
Native extension for WindowsStandalone target not found
Refreshing native plugins compatible for Editor in 0.49 ms, found 2 plugins.
Preloading 0 native plugins for Editor in 0.00 ms.
Mono: successfully reloaded assembly
- Completed reload, in  1.238 seconds
Domain Reload Profiling:
	ReloadAssembly (1238ms)
		BeginReloadAssembly (141ms)
			ExecutionOrderSort (0ms)
			DisableScriptedObjects (6ms)
			BackupInstance (0ms)
			ReleaseScriptingObjects (0ms)
			CreateAndSetChildDomain (35ms)
		EndReloadAssembly (1015ms)
			LoadAssemblies (132ms)
			RebuildTransferFunctionScriptingTraits (0ms)
			SetupTypeCache (339ms)
			ReleaseScriptCaches (1ms)
			RebuildScriptCaches (55ms)
			SetupLoadedEditorAssemblies (385ms)
				LogAssemblyErrors (0ms)
				InitializePlatformSupportModulesInManaged (7ms)
				SetLoadedEditorAssemblies (1ms)
				RefreshPlugins (1ms)
				BeforeProcessingInitializeOnLoad (100ms)
				ProcessInitializeOnLoadAttributes (254ms)
				ProcessInitializeOnLoadMethodAttributes (12ms)
				AfterProcessingInitializeOnLoad (11ms)
				EditorAssembliesLoaded (0ms)
			ExecutionOrderSort2 (0ms)
			AwakeInstancesAfterBackupRestoration (8ms)
Platform modules already initialized, skipping
Refreshing native plugins compatible for Editor in 0.57 ms, found 2 plugins.
Preloading 0 native plugins for Editor in 0.00 ms.
Unloading 1654 Unused Serialized files (Serialized files now loaded: 0)
System memory in use before: 105.5 MB.
System memory in use after: 105.7 MB.

Unloading 12 unused Assets to reduce memory usage. Loaded Objects now: 2171.
Total: 3.209000 ms (FindLiveObjects: 0.184100 ms CreateObjectMapping: 0.136300 ms MarkObjects: 2.862700 ms  DeleteObjects: 0.024600 ms)

AssetImportParameters requested are different than current active one (requested -> active):
  custom:framework-win-MediaFoundation: 216162199b28c13a410421893ffa2e32 -> 
  custom:video-decoder-ogg-theora: a1e56fd34408186e4bbccfd4996cb3dc -> 
  custom:container-muxer-webm: aa71ff27fc2769a1b78a27578f13a17b -> 
  custom:container-demuxer-webm: 4f35f7cbe854078d1ac9338744f61a02 -> 
  custom:container-demuxer-ogg: 62fdf1f143b41e24485cea50d1cbac27 -> 
  custom:video-encoder-webm-vp8: eb34c28f22e8b96e1ab97ce403110664 -> 
  custom:video-decoder-webm-vp8: 9c59270c3fd7afecdb556c50c9e8de78 -> 
  custom:audio-decoder-ogg-vorbis: bf7c407c2cedff20999df2af8eb42d56 -> 
  custom:audio-encoder-webm-vorbis: bf7c407c2cedff20999df2af8eb42d56 -> 
========================================================================
Received Import Request.
  Time since last request: 3895.451353 seconds.
  path: Assets/Asset/DogKnight/promotion.jpg
  artifactKey: Guid(f27d7537e17799e47be587331b9ef52b) Importer(815301076,1909f56bfc062723c751e8b465ee728b)
Start importing Assets/Asset/DogKnight/promotion.jpg using Guid(f27d7537e17799e47be587331b9ef52b) Importer(815301076,1909f56bfc062723c751e8b465ee728b)  -> (artifact id: 'ffca35bb36d9feefd40c2c9d7d528c39') in 0.110879 seconds 
========================================================================
Received Import Request.
  Time since last request: 1.342940 seconds.
  path: Assets/Asset/DogKnight/Prefab/DogPBR.prefab
  artifactKey: Guid(214e08cd5e5d74c458e2a81b7ec2c84c) Importer(815301076,1909f56bfc062723c751e8b465ee728b)
Start importing Assets/Asset/DogKnight/Prefab/DogPBR.prefab using Guid(214e08cd5e5d74c458e2a81b7ec2c84c) Importer(815301076,1909f56bfc062723c751e8b465ee728b)  -> (artifact id: '9f45f4ac0a845ca55954637cb5b8f3b7') in 0.447362 seconds 
========================================================================
Received Import Request.
  Time since last request: 0.000228 seconds.
  path: Assets/Asset/DogKnight/Prefab/DogPolyart.prefab
  artifactKey: Guid(45288819fde2143449a96207b14db0bb) Importer(815301076,1909f56bfc062723c751e8b465ee728b)
Start importing Assets/Asset/DogKnight/Prefab/DogPolyart.prefab using Guid(45288819fde2143449a96207b14db0bb) Importer(815301076,1909f56bfc062723c751e8b465ee728b)  -> (artifact id: '94997d78d75c1e5571e9c40dbe9ef8a3') in 0.149758 seconds 
========================================================================
Received Import Request.
  Time since last request: 19.706201 seconds.
  path: Assets/Prefabs/DogPolyart.prefab
  artifactKey: Guid(ca42bc08c06ee0f46a3db0aae8a0d243) Importer(815301076,1909f56bfc062723c751e8b465ee728b)
Start importing Assets/Prefabs/DogPolyart.prefab using Guid(ca42bc08c06ee0f46a3db0aae8a0d243) Importer(815301076,1909f56bfc062723c751e8b465ee728b)  -> (artifact id: 'fbc5b331cae4f66a7e2117abb2196a1c') in 0.126580 seconds 
========================================================================
Received Import Request.
  Time since last request: 27.726856 seconds.
  path: Assets/Prefabs/DogPolyart.prefab
  artifactKey: Guid(ca42bc08c06ee0f46a3db0aae8a0d243) Importer(815301076,1909f56bfc062723c751e8b465ee728b)
Start importing Assets/Prefabs/DogPolyart.prefab using Guid(ca42bc08c06ee0f46a3db0aae8a0d243) Importer(815301076,1909f56bfc062723c751e8b465ee728b)  -> (artifact id: '3a282617e7e3fe99ee023227ac610359') in 0.121968 seconds 
========================================================================
Received Import Request.
  Time since last request: 7.742405 seconds.
  path: Assets/Prefabs/DogPolyart.prefab
  artifactKey: Guid(ca42bc08c06ee0f46a3db0aae8a0d243) Importer(815301076,1909f56bfc062723c751e8b465ee728b)
Start importing Assets/Prefabs/DogPolyart.prefab using Guid(ca42bc08c06ee0f46a3db0aae8a0d243) Importer(815301076,1909f56bfc062723c751e8b465ee728b)  -> (artifact id: '296017589db1ef5bc2feb8f68ee1586b') in 0.120113 seconds 
========================================================================
Received Import Request.
  Time since last request: 5.031129 seconds.
  path: Assets/Prefabs/DogPolyart.prefab
  artifactKey: Guid(ca42bc08c06ee0f46a3db0aae8a0d243) Importer(815301076,1909f56bfc062723c751e8b465ee728b)
Start importing Assets/Prefabs/DogPolyart.prefab using Guid(ca42bc08c06ee0f46a3db0aae8a0d243) Importer(815301076,1909f56bfc062723c751e8b465ee728b)  -> (artifact id: '09da59d7edfceb5f9eb8d58b5949b3b2') in 0.119162 seconds 
========================================================================
Received Import Request.
  Time since last request: 0.284204 seconds.
  path: Assets/Prefabs/DogPolyart.prefab
  artifactKey: Guid(ca42bc08c06ee0f46a3db0aae8a0d243) Importer(815301076,1909f56bfc062723c751e8b465ee728b)
Start importing Assets/Prefabs/DogPolyart.prefab using Guid(ca42bc08c06ee0f46a3db0aae8a0d243) Importer(815301076,1909f56bfc062723c751e8b465ee728b)  -> (artifact id: '7718dc7dc75f1ecff3bed2abfead07fd') in 0.136515 seconds 
========================================================================
Received Import Request.
  Time since last request: 0.262651 seconds.
  path: Assets/Prefabs/DogPolyart.prefab
  artifactKey: Guid(ca42bc08c06ee0f46a3db0aae8a0d243) Importer(815301076,1909f56bfc062723c751e8b465ee728b)
Start importing Assets/Prefabs/DogPolyart.prefab using Guid(ca42bc08c06ee0f46a3db0aae8a0d243) Importer(815301076,1909f56bfc062723c751e8b465ee728b)  -> (artifact id: '530469d2aa266c093e29ece8eb5d8714') in 0.124780 seconds 
========================================================================
Received Import Request.
  Time since last request: 1.291112 seconds.
  path: Assets/Prefabs/DogPolyart.prefab
  artifactKey: Guid(ca42bc08c06ee0f46a3db0aae8a0d243) Importer(815301076,1909f56bfc062723c751e8b465ee728b)
Start importing Assets/Prefabs/DogPolyart.prefab using Guid(ca42bc08c06ee0f46a3db0aae8a0d243) Importer(815301076,1909f56bfc062723c751e8b465ee728b)  -> (artifact id: '326ad9c93bb13ab2af03f2afdc446f98') in 0.138226 seconds 
========================================================================
Received Prepare
Registering precompiled user dll's ...
Registered in 0.003692 seconds.
Begin MonoManager ReloadAssembly
Native extension for WindowsStandalone target not found
Refreshing native plugins compatible for Editor in 0.72 ms, found 2 plugins.
Preloading 0 native plugins for Editor in 0.00 ms.
Mono: successfully reloaded assembly
- Completed reload, in  1.369 seconds
Domain Reload Profiling:
	ReloadAssembly (1370ms)
		BeginReloadAssembly (168ms)
			ExecutionOrderSort (0ms)
			DisableScriptedObjects (6ms)
			BackupInstance (0ms)
			ReleaseScriptingObjects (0ms)
			CreateAndSetChildDomain (57ms)
		EndReloadAssembly (1114ms)
			LoadAssemblies (128ms)
			RebuildTransferFunctionScriptingTraits (0ms)
			SetupTypeCache (395ms)
			ReleaseScriptCaches (1ms)
			RebuildScriptCaches (55ms)
			SetupLoadedEditorAssemblies (420ms)
				LogAssemblyErrors (0ms)
				InitializePlatformSupportModulesInManaged (6ms)
				SetLoadedEditorAssemblies (1ms)
				RefreshPlugins (1ms)
				BeforeProcessingInitializeOnLoad (107ms)
				ProcessInitializeOnLoadAttributes (280ms)
				ProcessInitializeOnLoadMethodAttributes (16ms)
				AfterProcessingInitializeOnLoad (9ms)
				EditorAssembliesLoaded (0ms)
			ExecutionOrderSort2 (0ms)
			AwakeInstancesAfterBackupRestoration (9ms)
Platform modules already initialized, skipping
Refreshing native plugins compatible for Editor in 0.54 ms, found 2 plugins.
Preloading 0 native plugins for Editor in 0.00 ms.
Unloading 1654 Unused Serialized files (Serialized files now loaded: 0)
System memory in use before: 105.7 MB.
System memory in use after: 105.8 MB.

Unloading 12 unused Assets to reduce memory usage. Loaded Objects now: 2175.
Total: 2.970200 ms (FindLiveObjects: 0.139300 ms CreateObjectMapping: 0.067400 ms MarkObjects: 2.741300 ms  DeleteObjects: 0.020800 ms)

AssetImportParameters requested are different than current active one (requested -> active):
  custom:framework-win-MediaFoundation: 216162199b28c13a410421893ffa2e32 -> 
  custom:video-decoder-ogg-theora: a1e56fd34408186e4bbccfd4996cb3dc -> 
  custom:container-muxer-webm: aa71ff27fc2769a1b78a27578f13a17b -> 
  custom:container-demuxer-webm: 4f35f7cbe854078d1ac9338744f61a02 -> 
  custom:container-demuxer-ogg: 62fdf1f143b41e24485cea50d1cbac27 -> 
  custom:video-encoder-webm-vp8: eb34c28f22e8b96e1ab97ce403110664 -> 
  custom:video-decoder-webm-vp8: 9c59270c3fd7afecdb556c50c9e8de78 -> 
  custom:audio-decoder-ogg-vorbis: bf7c407c2cedff20999df2af8eb42d56 -> 
  custom:audio-encoder-webm-vorbis: bf7c407c2cedff20999df2af8eb42d56 -> 
========================================================================
Received Import Request.
  Time since last request: 41.508429 seconds.
  path: Assets/Prefabs/DogPolyart.prefab
  artifactKey: Guid(ca42bc08c06ee0f46a3db0aae8a0d243) Importer(815301076,1909f56bfc062723c751e8b465ee728b)
Start importing Assets/Prefabs/DogPolyart.prefab using Guid(ca42bc08c06ee0f46a3db0aae8a0d243) Importer(815301076,1909f56bfc062723c751e8b465ee728b)  -> (artifact id: '37981c57bfa1ccda0a991c9992705dd6') in 0.192239 seconds 
========================================================================
Received Import Request.
  Time since last request: 2.173297 seconds.
  path: Assets/Prefabs/DogPolyart.prefab
  artifactKey: Guid(ca42bc08c06ee0f46a3db0aae8a0d243) Importer(815301076,1909f56bfc062723c751e8b465ee728b)
Start importing Assets/Prefabs/DogPolyart.prefab using Guid(ca42bc08c06ee0f46a3db0aae8a0d243) Importer(815301076,1909f56bfc062723c751e8b465ee728b)  -> (artifact id: '038b546e0cdd21b9821b0e74e2dd0429') in 0.128616 seconds 
========================================================================
Received Import Request.
  Time since last request: 3.209456 seconds.
  path: Assets/Prefabs/DogPolyart.prefab
  artifactKey: Guid(ca42bc08c06ee0f46a3db0aae8a0d243) Importer(815301076,1909f56bfc062723c751e8b465ee728b)
Start importing Assets/Prefabs/DogPolyart.prefab using Guid(ca42bc08c06ee0f46a3db0aae8a0d243) Importer(815301076,1909f56bfc062723c751e8b465ee728b)  -> (artifact id: 'dbb1359fc1e84346afa99203be1d9093') in 0.145997 seconds 
========================================================================
Received Import Request.
  Time since last request: 6.389548 seconds.
  path: Assets/Prefabs/DogPolyart.prefab
  artifactKey: Guid(ca42bc08c06ee0f46a3db0aae8a0d243) Importer(815301076,1909f56bfc062723c751e8b465ee728b)
Start importing Assets/Prefabs/DogPolyart.prefab using Guid(ca42bc08c06ee0f46a3db0aae8a0d243) Importer(815301076,1909f56bfc062723c751e8b465ee728b)  -> (artifact id: '9a20e8ff6bcd1cf0172e09e5e59433cb') in 0.132751 seconds 
========================================================================
Received Prepare
Registering precompiled user dll's ...
Registered in 0.003926 seconds.
Begin MonoManager ReloadAssembly
Native extension for WindowsStandalone target not found
Refreshing native plugins compatible for Editor in 0.47 ms, found 2 plugins.
Preloading 0 native plugins for Editor in 0.00 ms.
Mono: successfully reloaded assembly
- Completed reload, in  1.364 seconds
Domain Reload Profiling:
	ReloadAssembly (1364ms)
		BeginReloadAssembly (137ms)
			ExecutionOrderSort (0ms)
			DisableScriptedObjects (7ms)
			BackupInstance (0ms)
			ReleaseScriptingObjects (0ms)
			CreateAndSetChildDomain (40ms)
		EndReloadAssembly (1139ms)
			LoadAssemblies (135ms)
			RebuildTransferFunctionScriptingTraits (0ms)
			SetupTypeCache (407ms)
			ReleaseScriptCaches (1ms)
			RebuildScriptCaches (57ms)
			SetupLoadedEditorAssemblies (428ms)
				LogAssemblyErrors (0ms)
				InitializePlatformSupportModulesInManaged (6ms)
				SetLoadedEditorAssemblies (1ms)
				RefreshPlugins (1ms)
				BeforeProcessingInitializeOnLoad (107ms)
				ProcessInitializeOnLoadAttributes (292ms)
				ProcessInitializeOnLoadMethodAttributes (13ms)
				AfterProcessingInitializeOnLoad (9ms)
				EditorAssembliesLoaded (0ms)
			ExecutionOrderSort2 (0ms)
			AwakeInstancesAfterBackupRestoration (9ms)
Platform modules already initialized, skipping
Refreshing native plugins compatible for Editor in 0.48 ms, found 2 plugins.
Preloading 0 native plugins for Editor in 0.00 ms.
Unloading 1654 Unused Serialized files (Serialized files now loaded: 0)
System memory in use before: 105.8 MB.
System memory in use after: 105.9 MB.

Unloading 12 unused Assets to reduce memory usage. Loaded Objects now: 2179.
Total: 3.105600 ms (FindLiveObjects: 0.153500 ms CreateObjectMapping: 0.067900 ms MarkObjects: 2.858900 ms  DeleteObjects: 0.024100 ms)

AssetImportParameters requested are different than current active one (requested -> active):
  custom:framework-win-MediaFoundation: 216162199b28c13a410421893ffa2e32 -> 
  custom:video-decoder-ogg-theora: a1e56fd34408186e4bbccfd4996cb3dc -> 
  custom:container-muxer-webm: aa71ff27fc2769a1b78a27578f13a17b -> 
  custom:container-demuxer-webm: 4f35f7cbe854078d1ac9338744f61a02 -> 
  custom:container-demuxer-ogg: 62fdf1f143b41e24485cea50d1cbac27 -> 
  custom:video-encoder-webm-vp8: eb34c28f22e8b96e1ab97ce403110664 -> 
  custom:video-decoder-webm-vp8: 9c59270c3fd7afecdb556c50c9e8de78 -> 
  custom:audio-decoder-ogg-vorbis: bf7c407c2cedff20999df2af8eb42d56 -> 
  custom:audio-encoder-webm-vorbis: bf7c407c2cedff20999df2af8eb42d56 -> 
========================================================================
Received Import Request.
  Time since last request: 32.718482 seconds.
  path: Assets/Prefabs/DogPolyart.prefab
  artifactKey: Guid(ca42bc08c06ee0f46a3db0aae8a0d243) Importer(815301076,1909f56bfc062723c751e8b465ee728b)
Start importing Assets/Prefabs/DogPolyart.prefab using Guid(ca42bc08c06ee0f46a3db0aae8a0d243) Importer(815301076,1909f56bfc062723c751e8b465ee728b)  -> (artifact id: 'e80ef9ffa385880984c1abc82dd1e93d') in 0.212304 seconds 
========================================================================
Received Import Request.
  Time since last request: 6.434185 seconds.
  path: Assets/Asset/DogKnight
  artifactKey: Guid(7b3a17d21e110494491f7dccd78a902c) Importer(815301076,1909f56bfc062723c751e8b465ee728b)
Start importing Assets/Asset/DogKnight using Guid(7b3a17d21e110494491f7dccd78a902c) Importer(815301076,1909f56bfc062723c751e8b465ee728b)  -> (artifact id: 'c04c23c0db7e9c9e75b489467c7f6953') in 0.011294 seconds 
========================================================================
Received Import Request.
  Time since last request: 18.961848 seconds.
  path: Assets/Asset/DogKnight/Mesh
  artifactKey: Guid(8dd9b69606bd3bd4f84c826ce6874603) Importer(815301076,1909f56bfc062723c751e8b465ee728b)
Start importing Assets/Asset/DogKnight/Mesh using Guid(8dd9b69606bd3bd4f84c826ce6874603) Importer(815301076,1909f56bfc062723c751e8b465ee728b)  -> (artifact id: '95a84970ca4c8aadba81ddcdbf969b01') in 0.015866 seconds 
========================================================================
Received Import Request.
  Time since last request: 0.035694 seconds.
  path: Assets/Asset/DogKnight/Mesh/DogPBR.fbx
  artifactKey: Guid(d9a1483b77bf10e4e851678ab6c2e54e) Importer(815301076,1909f56bfc062723c751e8b465ee728b)
Start importing Assets/Asset/DogKnight/Mesh/DogPBR.fbx using Guid(d9a1483b77bf10e4e851678ab6c2e54e) Importer(815301076,1909f56bfc062723c751e8b465ee728b)  -> (artifact id: 'aff511e9183968d9e929ef9b9febfd97') in 0.045785 seconds 
========================================================================
Received Import Request.
  Time since last request: 0.000262 seconds.
  path: Assets/Asset/DogKnight/Mesh/Stage.fbx
  artifactKey: Guid(83ccc45f4c0939440a46957a74a54d2c) Importer(815301076,1909f56bfc062723c751e8b465ee728b)
Start importing Assets/Asset/DogKnight/Mesh/Stage.fbx using Guid(83ccc45f4c0939440a46957a74a54d2c) Importer(815301076,1909f56bfc062723c751e8b465ee728b)  -> (artifact id: '504fd7f77a5d07ca490e968df316147f') in 0.024865 seconds 
========================================================================
Received Import Request.
  Time since last request: 0.000242 seconds.
  path: Assets/Asset/DogKnight/Mesh/SwordPolyart.fbx
  artifactKey: Guid(b96201848d117da4ca7dc3ade4bd59de) Importer(815301076,1909f56bfc062723c751e8b465ee728b)
Start importing Assets/Asset/DogKnight/Mesh/SwordPolyart.fbx using Guid(b96201848d117da4ca7dc3ade4bd59de) Importer(815301076,1909f56bfc062723c751e8b465ee728b)  -> (artifact id: '207a99cc1cebedb16cdf830ea16d9ab0') in 0.031153 seconds 
========================================================================
Received Import Request.
  Time since last request: 0.000370 seconds.
  path: Assets/Asset/DogKnight/Mesh/ShieldPolyart.fbx
  artifactKey: Guid(b20cb9cb9197fb64a830cea6c0550d0e) Importer(815301076,1909f56bfc062723c751e8b465ee728b)
Start importing Assets/Asset/DogKnight/Mesh/ShieldPolyart.fbx using Guid(b20cb9cb9197fb64a830cea6c0550d0e) Importer(815301076,1909f56bfc062723c751e8b465ee728b)  -> (artifact id: '610ab53d010ec547389079873cb1d763') in 0.024899 seconds 
========================================================================
Received Import Request.
  Time since last request: 0.000308 seconds.
  path: Assets/Asset/DogKnight/Mesh/Shield.fbx
  artifactKey: Guid(588cb1a3084bba747b81631d0c071523) Importer(815301076,1909f56bfc062723c751e8b465ee728b)
Start importing Assets/Asset/DogKnight/Mesh/Shield.fbx using Guid(588cb1a3084bba747b81631d0c071523) Importer(815301076,1909f56bfc062723c751e8b465ee728b)  -> (artifact id: 'c6b03a0ce4cbddb9ca3d9564dcbdc7c0') in 0.026808 seconds 
========================================================================
Received Import Request.
  Time since last request: 0.000165 seconds.
  path: Assets/Asset/DogKnight/Mesh/Sword.fbx
  artifactKey: Guid(9ef625d01f79b4e4eb62fcdf032954ca) Importer(815301076,1909f56bfc062723c751e8b465ee728b)
Start importing Assets/Asset/DogKnight/Mesh/Sword.fbx using Guid(9ef625d01f79b4e4eb62fcdf032954ca) Importer(815301076,1909f56bfc062723c751e8b465ee728b)  -> (artifact id: '8114f113c20dfb45a62d26c3c4a67d55') in 0.024961 seconds 
========================================================================
Received Import Request.
  Time since last request: 0.000161 seconds.
  path: Assets/Asset/DogKnight/Mesh/DogPolyart.fbx
  artifactKey: Guid(a58d63122b09e9144938cd6a1ece4824) Importer(815301076,1909f56bfc062723c751e8b465ee728b)
Start importing Assets/Asset/DogKnight/Mesh/DogPolyart.fbx using Guid(a58d63122b09e9144938cd6a1ece4824) Importer(815301076,1909f56bfc062723c751e8b465ee728b)  -> (artifact id: '4b6fcb4df5f172b7a2a0fa75c9193471') in 0.034857 seconds 
AssetImportWorkerClient::OnTransportError - code=2 error=End of file
