Using pre-set license
Built from '2021.3/staging' branch; Version is '2021.3.4f1 (cb45f9cae8b7) revision 13321721'; Using compiler version '192829333'; Build Type 'Release'
OS: 'Windows 10  (10.0.19044) 64bit Professional' Language: 'ru' Physical Memory: 12247 MB
BatchMode: 1, IsHumanControllingUs: 0, StartBugReporterOnCrash: 0, Is64bit: 1, IsPro: 1

COMMAND LINE ARGUMENTS:
C:\Users\set43\Desktop\PersProj\2021.3.4f1\Editor\Unity.exe
-adb2
-batchMode
-noUpm
-name
AssetImportWorker0
-projectPath
C:/Users/set43/Documents/GitHub/PET_PROJ_FOR_PORTFOLIO/PET_PROJ
-logFile
Logs/AssetImportWorker0.log
-srvPort
51274
Successfully changed project path to: C:/Users/set43/Documents/GitHub/PET_PROJ_FOR_PORTFOLIO/PET_PROJ
C:/Users/set43/Documents/GitHub/PET_PROJ_FOR_PORTFOLIO/PET_PROJ
[UnityMemory] Configuration Parameters - Can be set up in boot.config
    "memorysetup-bucket-allocator-granularity=16"
    "memorysetup-bucket-allocator-bucket-count=8"
    "memorysetup-bucket-allocator-block-size=33554432"
    "memorysetup-bucket-allocator-block-count=8"
    "memorysetup-main-allocator-block-size=16777216"
    "memorysetup-thread-allocator-block-size=16777216"
    "memorysetup-gfx-main-allocator-block-size=16777216"
    "memorysetup-gfx-thread-allocator-block-size=16777216"
    "memorysetup-cache-allocator-block-size=4194304"
    "memorysetup-typetree-allocator-block-size=2097152"
    "memorysetup-profiler-bucket-allocator-granularity=16"
    "memorysetup-profiler-bucket-allocator-bucket-count=8"
    "memorysetup-profiler-bucket-allocator-block-size=33554432"
    "memorysetup-profiler-bucket-allocator-block-count=8"
    "memorysetup-profiler-allocator-block-size=16777216"
    "memorysetup-profiler-editor-allocator-block-size=1048576"
    "memorysetup-temp-allocator-size-main=16777216"
    "memorysetup-job-temp-allocator-block-size=2097152"
    "memorysetup-job-temp-allocator-block-size-background=1048576"
    "memorysetup-job-temp-allocator-reduction-small-platforms=262144"
    "memorysetup-temp-allocator-size-background-worker=32768"
    "memorysetup-temp-allocator-size-job-worker=262144"
    "memorysetup-temp-allocator-size-preload-manager=33554432"
    "memorysetup-temp-allocator-size-nav-mesh-worker=65536"
    "memorysetup-temp-allocator-size-audio-worker=65536"
    "memorysetup-temp-allocator-size-cloud-worker=32768"
    "memorysetup-temp-allocator-size-gi-baking-worker=262144"
    "memorysetup-temp-allocator-size-gfx=262144"
Refreshing native plugins compatible for Editor in 60.31 ms, found 2 plugins.
Preloading 0 native plugins for Editor in 0.00 ms.
Initialize engine version: 2021.3.4f1 (cb45f9cae8b7)
[Subsystems] Discovering subsystems at path C:/Users/set43/Desktop/PersProj/2021.3.4f1/Editor/Data/Resources/UnitySubsystems
[Subsystems] Discovering subsystems at path C:/Users/set43/Documents/GitHub/PET_PROJ_FOR_PORTFOLIO/PET_PROJ/Assets
GfxDevice: creating device client; threaded=0; jobified=0
Direct3D:
    Version:  Direct3D 11.0 [level 11.1]
    Renderer: NVIDIA GeForce GTX 1060 6GB (ID=0x1c03)
    Vendor:   NVIDIA
    VRAM:     6052 MB
    Driver:   31.0.15.1640
Initialize mono
Mono path[0] = 'C:/Users/set43/Desktop/PersProj/2021.3.4f1/Editor/Data/Managed'
Mono path[1] = 'C:/Users/set43/Desktop/PersProj/2021.3.4f1/Editor/Data/MonoBleedingEdge/lib/mono/unityjit-win32'
Mono config path = 'C:/Users/set43/Desktop/PersProj/2021.3.4f1/Editor/Data/MonoBleedingEdge/etc'
Using monoOptions --debugger-agent=transport=dt_socket,embedding=1,server=y,suspend=n,address=127.0.0.1:56784
Begin MonoManager ReloadAssembly
Registering precompiled unity dll's ...
Register platform support module: C:/Users/set43/Desktop/PersProj/2021.3.4f1/Editor/Data/PlaybackEngines/WindowsStandaloneSupport/UnityEditor.WindowsStandalone.Extensions.dll
Registered in 0.010426 seconds.
Native extension for WindowsStandalone target not found
Refreshing native plugins compatible for Editor in 88.67 ms, found 2 plugins.
Preloading 0 native plugins for Editor in 0.00 ms.
Mono: successfully reloaded assembly
- Completed reload, in  1.170 seconds
Domain Reload Profiling:
	ReloadAssembly (1171ms)
		BeginReloadAssembly (146ms)
			ExecutionOrderSort (0ms)
			DisableScriptedObjects (0ms)
			BackupInstance (0ms)
			ReleaseScriptingObjects (0ms)
			CreateAndSetChildDomain (3ms)
		EndReloadAssembly (853ms)
			LoadAssemblies (138ms)
			RebuildTransferFunctionScriptingTraits (0ms)
			SetupTypeCache (183ms)
			ReleaseScriptCaches (0ms)
			RebuildScriptCaches (83ms)
			SetupLoadedEditorAssemblies (450ms)
				LogAssemblyErrors (0ms)
				InitializePlatformSupportModulesInManaged (14ms)
				SetLoadedEditorAssemblies (0ms)
				RefreshPlugins (89ms)
				BeforeProcessingInitializeOnLoad (2ms)
				ProcessInitializeOnLoadAttributes (277ms)
				ProcessInitializeOnLoadMethodAttributes (69ms)
				AfterProcessingInitializeOnLoad (0ms)
				EditorAssembliesLoaded (0ms)
			ExecutionOrderSort2 (0ms)
			AwakeInstancesAfterBackupRestoration (0ms)
Platform modules already initialized, skipping
Registering precompiled user dll's ...
Registered in 0.005814 seconds.
Begin MonoManager ReloadAssembly
Native extension for WindowsStandalone target not found
Refreshing native plugins compatible for Editor in 0.54 ms, found 2 plugins.
Preloading 0 native plugins for Editor in 0.00 ms.
Mono: successfully reloaded assembly
- Completed reload, in  1.441 seconds
Domain Reload Profiling:
	ReloadAssembly (1442ms)
		BeginReloadAssembly (184ms)
			ExecutionOrderSort (0ms)
			DisableScriptedObjects (14ms)
			BackupInstance (0ms)
			ReleaseScriptingObjects (0ms)
			CreateAndSetChildDomain (25ms)
		EndReloadAssembly (1081ms)
			LoadAssemblies (125ms)
			RebuildTransferFunctionScriptingTraits (0ms)
			SetupTypeCache (282ms)
			ReleaseScriptCaches (0ms)
			RebuildScriptCaches (81ms)
			SetupLoadedEditorAssemblies (527ms)
				LogAssemblyErrors (0ms)
				InitializePlatformSupportModulesInManaged (13ms)
				SetLoadedEditorAssemblies (1ms)
				RefreshPlugins (1ms)
				BeforeProcessingInitializeOnLoad (94ms)
				ProcessInitializeOnLoadAttributes (359ms)
				ProcessInitializeOnLoadMethodAttributes (47ms)
				AfterProcessingInitializeOnLoad (12ms)
				EditorAssembliesLoaded (0ms)
			ExecutionOrderSort2 (0ms)
			AwakeInstancesAfterBackupRestoration (10ms)
Platform modules already initialized, skipping
========================================================================
Worker process is ready to serve import requests
Launched and connected shader compiler UnityShaderCompiler.exe after 0.11 seconds
Refreshing native plugins compatible for Editor in 0.54 ms, found 2 plugins.
Preloading 0 native plugins for Editor in 0.00 ms.
Unloading 1934 Unused Serialized files (Serialized files now loaded: 0)
Unloading 33 unused Assets / (131.4 KB). Loaded Objects now: 2421.
Memory consumption went from 97.3 MB to 97.1 MB.
Total: 6.065500 ms (FindLiveObjects: 0.227900 ms CreateObjectMapping: 0.106300 ms MarkObjects: 5.477500 ms  DeleteObjects: 0.251900 ms)

AssetImportParameters requested are different than current active one (requested -> active):
  custom:video-decoder-ogg-theora: a1e56fd34408186e4bbccfd4996cb3dc -> 
  custom:container-muxer-webm: aa71ff27fc2769a1b78a27578f13a17b -> 
  custom:container-demuxer-webm: 4f35f7cbe854078d1ac9338744f61a02 -> 
  custom:video-encoder-webm-vp8: eb34c28f22e8b96e1ab97ce403110664 -> 
  custom:audio-encoder-webm-vorbis: bf7c407c2cedff20999df2af8eb42d56 -> 
  custom:framework-win-MediaFoundation: 216162199b28c13a410421893ffa2e32 -> 
  custom:container-demuxer-ogg: 62fdf1f143b41e24485cea50d1cbac27 -> 
  custom:video-decoder-webm-vp8: 9c59270c3fd7afecdb556c50c9e8de78 -> 
  custom:audio-decoder-ogg-vorbis: bf7c407c2cedff20999df2af8eb42d56 -> 
========================================================================
Received Import Request.
  Time since last request: 365138.459855 seconds.
  path: Assets/Prefabs/Slime_01.prefab
  artifactKey: Guid(3aea6ad972f3f25488194e7c7f60d06f) Importer(815301076,1909f56bfc062723c751e8b465ee728b)
Start importing Assets/Prefabs/Slime_01.prefab using Guid(3aea6ad972f3f25488194e7c7f60d06f) Importer(815301076,1909f56bfc062723c751e8b465ee728b)  -> (artifact id: '22481087932b1f8d5f53ce9971b80acf') in 0.259003 seconds 
========================================================================
Received Import Request.
  Time since last request: 0.000028 seconds.
  path: Assets/Prefabs/Slime_01_King.prefab
  artifactKey: Guid(97e943d22cc6c7345a8d84d89c554a79) Importer(815301076,1909f56bfc062723c751e8b465ee728b)
Start importing Assets/Prefabs/Slime_01_King.prefab using Guid(97e943d22cc6c7345a8d84d89c554a79) Importer(815301076,1909f56bfc062723c751e8b465ee728b)  -> (artifact id: 'ba3763b9510db4834c918f38711120ef') in 0.053637 seconds 
========================================================================
Received Import Request.
  Time since last request: 0.000042 seconds.
  path: Assets/Prefabs/Slime_02.prefab
  artifactKey: Guid(da93f574b2e048d438a2ade6414dd996) Importer(815301076,1909f56bfc062723c751e8b465ee728b)
Start importing Assets/Prefabs/Slime_02.prefab using Guid(da93f574b2e048d438a2ade6414dd996) Importer(815301076,1909f56bfc062723c751e8b465ee728b)  -> (artifact id: '0e3c020ea6520cbc47c8cc9c3298d8f9') in 0.047363 seconds 
========================================================================
Received Import Request.
  Time since last request: 0.000024 seconds.
  path: Assets/Prefabs/Slime_03.prefab
  artifactKey: Guid(3c205ac188531ba4ea1b840da27dfc49) Importer(815301076,1909f56bfc062723c751e8b465ee728b)
Start importing Assets/Prefabs/Slime_03.prefab using Guid(3c205ac188531ba4ea1b840da27dfc49) Importer(815301076,1909f56bfc062723c751e8b465ee728b)  -> (artifact id: '5262db847446ea81f67257fba9719bc9') in 0.033982 seconds 
========================================================================
Received Import Request.
  Time since last request: 0.000026 seconds.
  path: Assets/Prefabs/Slime_03 King.prefab
  artifactKey: Guid(38fec464247d8a449a68c79f05b2fe98) Importer(815301076,1909f56bfc062723c751e8b465ee728b)
Start importing Assets/Prefabs/Slime_03 King.prefab using Guid(38fec464247d8a449a68c79f05b2fe98) Importer(815301076,1909f56bfc062723c751e8b465ee728b)  -> (artifact id: 'bc5b24f4852e91b83a922b2e5d7592f6') in 0.042532 seconds 
========================================================================
Received Import Request.
  Time since last request: 0.000026 seconds.
  path: Assets/Prefabs/Slime_01_MeltalHelmet.prefab
  artifactKey: Guid(0662e54f9a05aa6488f94a8fd07f9864) Importer(815301076,1909f56bfc062723c751e8b465ee728b)
Start importing Assets/Prefabs/Slime_01_MeltalHelmet.prefab using Guid(0662e54f9a05aa6488f94a8fd07f9864) Importer(815301076,1909f56bfc062723c751e8b465ee728b)  -> (artifact id: '39e5d189c120fd8a2172163edf7a5578') in 0.038084 seconds 
========================================================================
Received Import Request.
  Time since last request: 0.000082 seconds.
  path: Assets/Prefabs/Slime_01_Viking.prefab
  artifactKey: Guid(b26a1b0e6480cd34198d898f877554d1) Importer(815301076,1909f56bfc062723c751e8b465ee728b)
Start importing Assets/Prefabs/Slime_01_Viking.prefab using Guid(b26a1b0e6480cd34198d898f877554d1) Importer(815301076,1909f56bfc062723c751e8b465ee728b)  -> (artifact id: '90921ef7c34f4308dee576bce940cd1f') in 0.037892 seconds 
========================================================================
Received Import Request.
  Time since last request: 0.000030 seconds.
  path: Assets/Prefabs/Slime_03 Leaf.prefab
  artifactKey: Guid(17c8da1b441f9f04bbb869f99cdedb3d) Importer(815301076,1909f56bfc062723c751e8b465ee728b)
Start importing Assets/Prefabs/Slime_03 Leaf.prefab using Guid(17c8da1b441f9f04bbb869f99cdedb3d) Importer(815301076,1909f56bfc062723c751e8b465ee728b)  -> (artifact id: 'a416534c6b37923b2fe1b289e68ccd2e') in 0.031881 seconds 
========================================================================
Received Import Request.
  Time since last request: 0.000035 seconds.
  path: Assets/Prefabs/Slime_03 Sprout.prefab
  artifactKey: Guid(cae295ff9673a6a4baa4675e7ee99963) Importer(815301076,1909f56bfc062723c751e8b465ee728b)
Start importing Assets/Prefabs/Slime_03 Sprout.prefab using Guid(cae295ff9673a6a4baa4675e7ee99963) Importer(815301076,1909f56bfc062723c751e8b465ee728b)  -> (artifact id: '05c8015222af96eb322c120535d2a9eb') in 0.051931 seconds 
========================================================================
Received Import Request.
  Time since last request: 10.437541 seconds.
  path: Assets/Prefabs/Slime_01.prefab
  artifactKey: Guid(3aea6ad972f3f25488194e7c7f60d06f) Importer(815301076,1909f56bfc062723c751e8b465ee728b)
Start importing Assets/Prefabs/Slime_01.prefab using Guid(3aea6ad972f3f25488194e7c7f60d06f) Importer(815301076,1909f56bfc062723c751e8b465ee728b)  -> (artifact id: '340906d9704f462d0efbfb99f8e0bf6b') in 0.024748 seconds 
========================================================================
Received Import Request.
  Time since last request: 13.032429 seconds.
  path: Assets/Prefabs/Slime_01.prefab
  artifactKey: Guid(3aea6ad972f3f25488194e7c7f60d06f) Importer(815301076,1909f56bfc062723c751e8b465ee728b)
Start importing Assets/Prefabs/Slime_01.prefab using Guid(3aea6ad972f3f25488194e7c7f60d06f) Importer(815301076,1909f56bfc062723c751e8b465ee728b)  -> (artifact id: 'c48a8f0307718b22910c134be48c7afa') in 0.022339 seconds 
========================================================================
Received Import Request.
  Time since last request: 4.849151 seconds.
  path: Assets/Prefabs/Slime_01_King.prefab
  artifactKey: Guid(97e943d22cc6c7345a8d84d89c554a79) Importer(815301076,1909f56bfc062723c751e8b465ee728b)
Start importing Assets/Prefabs/Slime_01_King.prefab using Guid(97e943d22cc6c7345a8d84d89c554a79) Importer(815301076,1909f56bfc062723c751e8b465ee728b)  -> (artifact id: 'd9ae64975bca79f0ca0d2dae3a088761') in 0.040447 seconds 
========================================================================
Received Import Request.
  Time since last request: 11.817206 seconds.
  path: Assets/Prefabs/Slime_01_King.prefab
  artifactKey: Guid(97e943d22cc6c7345a8d84d89c554a79) Importer(815301076,1909f56bfc062723c751e8b465ee728b)
Start importing Assets/Prefabs/Slime_01_King.prefab using Guid(97e943d22cc6c7345a8d84d89c554a79) Importer(815301076,1909f56bfc062723c751e8b465ee728b)  -> (artifact id: '553fbd01315e99621ff44816a48b07bb') in 0.038879 seconds 
========================================================================
Received Import Request.
  Time since last request: 2.970758 seconds.
  path: Assets/Prefabs/Slime_01_MeltalHelmet.prefab
  artifactKey: Guid(0662e54f9a05aa6488f94a8fd07f9864) Importer(815301076,1909f56bfc062723c751e8b465ee728b)
Start importing Assets/Prefabs/Slime_01_MeltalHelmet.prefab using Guid(0662e54f9a05aa6488f94a8fd07f9864) Importer(815301076,1909f56bfc062723c751e8b465ee728b)  -> (artifact id: '0ff38f3c945335174449ea232bed177a') in 0.042983 seconds 
========================================================================
Received Import Request.
  Time since last request: 5.607793 seconds.
  path: Assets/Prefabs/Slime_01_MeltalHelmet.prefab
  artifactKey: Guid(0662e54f9a05aa6488f94a8fd07f9864) Importer(815301076,1909f56bfc062723c751e8b465ee728b)
Start importing Assets/Prefabs/Slime_01_MeltalHelmet.prefab using Guid(0662e54f9a05aa6488f94a8fd07f9864) Importer(815301076,1909f56bfc062723c751e8b465ee728b)  -> (artifact id: 'e03172df3fc5c687dfac746ffbdd6795') in 0.024385 seconds 
========================================================================
Received Import Request.
  Time since last request: 16.431319 seconds.
  path: Assets/Prefabs/Slime_01_Viking.prefab
  artifactKey: Guid(b26a1b0e6480cd34198d898f877554d1) Importer(815301076,1909f56bfc062723c751e8b465ee728b)
Start importing Assets/Prefabs/Slime_01_Viking.prefab using Guid(b26a1b0e6480cd34198d898f877554d1) Importer(815301076,1909f56bfc062723c751e8b465ee728b)  -> (artifact id: '59e50c2e4fda770d3f58f734920f4e53') in 0.033878 seconds 
========================================================================
Received Import Request.
  Time since last request: 4.406726 seconds.
  path: Assets/Prefabs/Slime_01_Viking.prefab
  artifactKey: Guid(b26a1b0e6480cd34198d898f877554d1) Importer(815301076,1909f56bfc062723c751e8b465ee728b)
Start importing Assets/Prefabs/Slime_01_Viking.prefab using Guid(b26a1b0e6480cd34198d898f877554d1) Importer(815301076,1909f56bfc062723c751e8b465ee728b)  -> (artifact id: '62e9d22ca37e6bc8227d61a92b022604') in 0.029812 seconds 
========================================================================
Received Import Request.
  Time since last request: 3.320559 seconds.
  path: Assets/Prefabs/Slime_01_Viking.prefab
  artifactKey: Guid(b26a1b0e6480cd34198d898f877554d1) Importer(815301076,1909f56bfc062723c751e8b465ee728b)
Start importing Assets/Prefabs/Slime_01_Viking.prefab using Guid(b26a1b0e6480cd34198d898f877554d1) Importer(815301076,1909f56bfc062723c751e8b465ee728b)  -> (artifact id: 'dca5e4f562b4f6cf9afbe7941dc67f84') in 0.031003 seconds 
========================================================================
Received Import Request.
  Time since last request: 14.826629 seconds.
  path: Assets/Prefabs/Slime_02.prefab
  artifactKey: Guid(da93f574b2e048d438a2ade6414dd996) Importer(815301076,1909f56bfc062723c751e8b465ee728b)
Start importing Assets/Prefabs/Slime_02.prefab using Guid(da93f574b2e048d438a2ade6414dd996) Importer(815301076,1909f56bfc062723c751e8b465ee728b)  -> (artifact id: '5a06450b8f4a5c6055a327648e14b7e7') in 0.024694 seconds 
========================================================================
Received Import Request.
  Time since last request: 3.725196 seconds.
  path: Assets/Prefabs/Slime_02.prefab
  artifactKey: Guid(da93f574b2e048d438a2ade6414dd996) Importer(815301076,1909f56bfc062723c751e8b465ee728b)
Start importing Assets/Prefabs/Slime_02.prefab using Guid(da93f574b2e048d438a2ade6414dd996) Importer(815301076,1909f56bfc062723c751e8b465ee728b)  -> (artifact id: '2eca7933a5b7ca7639e1d1fc94054713') in 0.025672 seconds 
========================================================================
Received Import Request.
  Time since last request: 8.109187 seconds.
  path: Assets/Prefabs/Slime_02.prefab
  artifactKey: Guid(da93f574b2e048d438a2ade6414dd996) Importer(815301076,1909f56bfc062723c751e8b465ee728b)
Start importing Assets/Prefabs/Slime_02.prefab using Guid(da93f574b2e048d438a2ade6414dd996) Importer(815301076,1909f56bfc062723c751e8b465ee728b)  -> (artifact id: '4b013ff24f636c19589e49cbf8c69e5e') in 0.021666 seconds 
========================================================================
Received Import Request.
  Time since last request: 4.440355 seconds.
  path: Assets/Prefabs/Slime_03 King.prefab
  artifactKey: Guid(38fec464247d8a449a68c79f05b2fe98) Importer(815301076,1909f56bfc062723c751e8b465ee728b)
Start importing Assets/Prefabs/Slime_03 King.prefab using Guid(38fec464247d8a449a68c79f05b2fe98) Importer(815301076,1909f56bfc062723c751e8b465ee728b)  -> (artifact id: '08e3655f60b9a32da7ebfd7ecb01c186') in 0.034506 seconds 
========================================================================
Received Import Request.
  Time since last request: 1.958799 seconds.
  path: Assets/Prefabs/Slime_03 King.prefab
  artifactKey: Guid(38fec464247d8a449a68c79f05b2fe98) Importer(815301076,1909f56bfc062723c751e8b465ee728b)
Start importing Assets/Prefabs/Slime_03 King.prefab using Guid(38fec464247d8a449a68c79f05b2fe98) Importer(815301076,1909f56bfc062723c751e8b465ee728b)  -> (artifact id: 'bfd6e6af16aff84dd2db60af77aa17a9') in 0.034004 seconds 
========================================================================
Received Import Request.
  Time since last request: 2.547218 seconds.
  path: Assets/Prefabs/Slime_03 Leaf.prefab
  artifactKey: Guid(17c8da1b441f9f04bbb869f99cdedb3d) Importer(815301076,1909f56bfc062723c751e8b465ee728b)
Start importing Assets/Prefabs/Slime_03 Leaf.prefab using Guid(17c8da1b441f9f04bbb869f99cdedb3d) Importer(815301076,1909f56bfc062723c751e8b465ee728b)  -> (artifact id: 'bbd8dbfbc512210a1fac47830c8a8133') in 0.031600 seconds 
========================================================================
Received Import Request.
  Time since last request: 2.877098 seconds.
  path: Assets/Prefabs/Slime_03 Leaf.prefab
  artifactKey: Guid(17c8da1b441f9f04bbb869f99cdedb3d) Importer(815301076,1909f56bfc062723c751e8b465ee728b)
Start importing Assets/Prefabs/Slime_03 Leaf.prefab using Guid(17c8da1b441f9f04bbb869f99cdedb3d) Importer(815301076,1909f56bfc062723c751e8b465ee728b)  -> (artifact id: '1b4dd5770645f8254b4c3ae37539350c') in 0.046737 seconds 
========================================================================
Received Import Request.
  Time since last request: 5.026470 seconds.
  path: Assets/Prefabs/Slime_03.prefab
  artifactKey: Guid(3c205ac188531ba4ea1b840da27dfc49) Importer(815301076,1909f56bfc062723c751e8b465ee728b)
Start importing Assets/Prefabs/Slime_03.prefab using Guid(3c205ac188531ba4ea1b840da27dfc49) Importer(815301076,1909f56bfc062723c751e8b465ee728b)  -> (artifact id: 'cde4bddf34b2a3eaecaef03fa8468728') in 0.024654 seconds 
========================================================================
Received Import Request.
  Time since last request: 3.653173 seconds.
  path: Assets/Prefabs/Slime_03.prefab
  artifactKey: Guid(3c205ac188531ba4ea1b840da27dfc49) Importer(815301076,1909f56bfc062723c751e8b465ee728b)
Start importing Assets/Prefabs/Slime_03.prefab using Guid(3c205ac188531ba4ea1b840da27dfc49) Importer(815301076,1909f56bfc062723c751e8b465ee728b)  -> (artifact id: 'e8ffc34953dc239107763f878e538f68') in 0.024651 seconds 
========================================================================
Received Import Request.
  Time since last request: 2.304255 seconds.
  path: Assets/Prefabs/Slime_03 Sprout.prefab
  artifactKey: Guid(cae295ff9673a6a4baa4675e7ee99963) Importer(815301076,1909f56bfc062723c751e8b465ee728b)
Start importing Assets/Prefabs/Slime_03 Sprout.prefab using Guid(cae295ff9673a6a4baa4675e7ee99963) Importer(815301076,1909f56bfc062723c751e8b465ee728b)  -> (artifact id: 'b4617fdf43f7fde501dba014e89dad31') in 0.039530 seconds 
========================================================================
Received Import Request.
  Time since last request: 2.652677 seconds.
  path: Assets/Prefabs/Slime_03 Sprout.prefab
  artifactKey: Guid(cae295ff9673a6a4baa4675e7ee99963) Importer(815301076,1909f56bfc062723c751e8b465ee728b)
Start importing Assets/Prefabs/Slime_03 Sprout.prefab using Guid(cae295ff9673a6a4baa4675e7ee99963) Importer(815301076,1909f56bfc062723c751e8b465ee728b)  -> (artifact id: '82b09fce3563d50dcfc37d4fae86bc5d') in 0.024968 seconds 
========================================================================
Received Import Request.
  Time since last request: 8.330604 seconds.
  path: Assets/Prefabs/Slime_03 Sprout.prefab
  artifactKey: Guid(cae295ff9673a6a4baa4675e7ee99963) Importer(815301076,1909f56bfc062723c751e8b465ee728b)
Start importing Assets/Prefabs/Slime_03 Sprout.prefab using Guid(cae295ff9673a6a4baa4675e7ee99963) Importer(815301076,1909f56bfc062723c751e8b465ee728b)  -> (artifact id: '24bc04e3802aaadd9ad0bb4607b5b466') in 0.026301 seconds 
========================================================================
Received Import Request.
  Time since last request: 4.201275 seconds.
  path: Assets/Prefabs/Slime_01.prefab
  artifactKey: Guid(3aea6ad972f3f25488194e7c7f60d06f) Importer(815301076,1909f56bfc062723c751e8b465ee728b)
Start importing Assets/Prefabs/Slime_01.prefab using Guid(3aea6ad972f3f25488194e7c7f60d06f) Importer(815301076,1909f56bfc062723c751e8b465ee728b)  -> (artifact id: '36d8edfc981aebf8c6bafaf1e63739a9') in 0.023631 seconds 
========================================================================
Received Import Request.
  Time since last request: 2.187906 seconds.
  path: Assets/Prefabs/Slime_01_King.prefab
  artifactKey: Guid(97e943d22cc6c7345a8d84d89c554a79) Importer(815301076,1909f56bfc062723c751e8b465ee728b)
Start importing Assets/Prefabs/Slime_01_King.prefab using Guid(97e943d22cc6c7345a8d84d89c554a79) Importer(815301076,1909f56bfc062723c751e8b465ee728b)  -> (artifact id: '7d9b12ee185d441bb6292a5cda0aede1') in 0.034749 seconds 
========================================================================
Received Import Request.
  Time since last request: 2.001366 seconds.
  path: Assets/Prefabs/Slime_01_MeltalHelmet.prefab
  artifactKey: Guid(0662e54f9a05aa6488f94a8fd07f9864) Importer(815301076,1909f56bfc062723c751e8b465ee728b)
Start importing Assets/Prefabs/Slime_01_MeltalHelmet.prefab using Guid(0662e54f9a05aa6488f94a8fd07f9864) Importer(815301076,1909f56bfc062723c751e8b465ee728b)  -> (artifact id: '24202f162e98669b53ee06da52705ad0') in 0.041965 seconds 
========================================================================
Received Import Request.
  Time since last request: 2.603544 seconds.
  path: Assets/Prefabs/Slime_01_Viking.prefab
  artifactKey: Guid(b26a1b0e6480cd34198d898f877554d1) Importer(815301076,1909f56bfc062723c751e8b465ee728b)
Start importing Assets/Prefabs/Slime_01_Viking.prefab using Guid(b26a1b0e6480cd34198d898f877554d1) Importer(815301076,1909f56bfc062723c751e8b465ee728b)  -> (artifact id: '2edb0b35288f1041f58c405760178a4a') in 0.038721 seconds 
========================================================================
Received Import Request.
  Time since last request: 4.163098 seconds.
  path: Assets/Prefabs/Slime_02.prefab
  artifactKey: Guid(da93f574b2e048d438a2ade6414dd996) Importer(815301076,1909f56bfc062723c751e8b465ee728b)
Start importing Assets/Prefabs/Slime_02.prefab using Guid(da93f574b2e048d438a2ade6414dd996) Importer(815301076,1909f56bfc062723c751e8b465ee728b)  -> (artifact id: '655d9d9c2c72274335d1a5da6c92371d') in 0.029201 seconds 
========================================================================
Received Import Request.
  Time since last request: 2.103549 seconds.
  path: Assets/Prefabs/Slime_03 King.prefab
  artifactKey: Guid(38fec464247d8a449a68c79f05b2fe98) Importer(815301076,1909f56bfc062723c751e8b465ee728b)
Start importing Assets/Prefabs/Slime_03 King.prefab using Guid(38fec464247d8a449a68c79f05b2fe98) Importer(815301076,1909f56bfc062723c751e8b465ee728b)  -> (artifact id: '6de576dfbf66fba249076710a5d4a28b') in 0.044934 seconds 
========================================================================
Received Import Request.
  Time since last request: 2.238419 seconds.
  path: Assets/Prefabs/Slime_03 Leaf.prefab
  artifactKey: Guid(17c8da1b441f9f04bbb869f99cdedb3d) Importer(815301076,1909f56bfc062723c751e8b465ee728b)
Start importing Assets/Prefabs/Slime_03 Leaf.prefab using Guid(17c8da1b441f9f04bbb869f99cdedb3d) Importer(815301076,1909f56bfc062723c751e8b465ee728b)  -> (artifact id: '8920b55c3cf95f3bb85db75487ae2e14') in 0.032476 seconds 
========================================================================
Received Import Request.
  Time since last request: 3.180308 seconds.
  path: Assets/Prefabs/Slime_03.prefab
  artifactKey: Guid(3c205ac188531ba4ea1b840da27dfc49) Importer(815301076,1909f56bfc062723c751e8b465ee728b)
Start importing Assets/Prefabs/Slime_03.prefab using Guid(3c205ac188531ba4ea1b840da27dfc49) Importer(815301076,1909f56bfc062723c751e8b465ee728b)  -> (artifact id: 'fbc4f77c83b7d4ce80fa6ff67d4c7c30') in 0.041395 seconds 
========================================================================
Received Import Request.
  Time since last request: 3.118935 seconds.
  path: Assets/Prefabs/Slime_03.prefab
  artifactKey: Guid(3c205ac188531ba4ea1b840da27dfc49) Importer(815301076,1909f56bfc062723c751e8b465ee728b)
Start importing Assets/Prefabs/Slime_03.prefab using Guid(3c205ac188531ba4ea1b840da27dfc49) Importer(815301076,1909f56bfc062723c751e8b465ee728b)  -> (artifact id: 'ad49589e2584b31a045e7400c46d32a7') in 0.026186 seconds 
========================================================================
Received Import Request.
  Time since last request: 0.994498 seconds.
  path: Assets/Prefabs/Slime_03.prefab
  artifactKey: Guid(3c205ac188531ba4ea1b840da27dfc49) Importer(815301076,1909f56bfc062723c751e8b465ee728b)
Start importing Assets/Prefabs/Slime_03.prefab using Guid(3c205ac188531ba4ea1b840da27dfc49) Importer(815301076,1909f56bfc062723c751e8b465ee728b)  -> (artifact id: '72b9259a3287272b4ad2bd8886e86e38') in 0.021447 seconds 
========================================================================
Received Import Request.
  Time since last request: 1.415886 seconds.
  path: Assets/Prefabs/Slime_03.prefab
  artifactKey: Guid(3c205ac188531ba4ea1b840da27dfc49) Importer(815301076,1909f56bfc062723c751e8b465ee728b)
Start importing Assets/Prefabs/Slime_03.prefab using Guid(3c205ac188531ba4ea1b840da27dfc49) Importer(815301076,1909f56bfc062723c751e8b465ee728b)  -> (artifact id: '4988dc1dc488b705fdc75edef82da140') in 0.026518 seconds 
========================================================================
Received Import Request.
  Time since last request: 4.269928 seconds.
  path: Assets/Prefabs/Slime_03 Sprout.prefab
  artifactKey: Guid(cae295ff9673a6a4baa4675e7ee99963) Importer(815301076,1909f56bfc062723c751e8b465ee728b)
Start importing Assets/Prefabs/Slime_03 Sprout.prefab using Guid(cae295ff9673a6a4baa4675e7ee99963) Importer(815301076,1909f56bfc062723c751e8b465ee728b)  -> (artifact id: 'c1e5abf0982e6d6e45fb8440d05166cc') in 0.036696 seconds 
========================================================================
Received Import Request.
  Time since last request: 0.974711 seconds.
  path: Assets/Prefabs/Slime_03 Sprout.prefab
  artifactKey: Guid(cae295ff9673a6a4baa4675e7ee99963) Importer(815301076,1909f56bfc062723c751e8b465ee728b)
Start importing Assets/Prefabs/Slime_03 Sprout.prefab using Guid(cae295ff9673a6a4baa4675e7ee99963) Importer(815301076,1909f56bfc062723c751e8b465ee728b)  -> (artifact id: '1437b9bea6381fc0d40346728903b903') in 0.026096 seconds 
========================================================================
Received Import Request.
  Time since last request: 0.359375 seconds.
  path: Assets/Prefabs/Slime_03 Sprout.prefab
  artifactKey: Guid(cae295ff9673a6a4baa4675e7ee99963) Importer(815301076,1909f56bfc062723c751e8b465ee728b)
Start importing Assets/Prefabs/Slime_03 Sprout.prefab using Guid(cae295ff9673a6a4baa4675e7ee99963) Importer(815301076,1909f56bfc062723c751e8b465ee728b)  -> (artifact id: '0f63a12c71b113f2e19d098ba243a82f') in 0.026514 seconds 
========================================================================
Received Import Request.
  Time since last request: 0.384234 seconds.
  path: Assets/Prefabs/Slime_03 Sprout.prefab
  artifactKey: Guid(cae295ff9673a6a4baa4675e7ee99963) Importer(815301076,1909f56bfc062723c751e8b465ee728b)
Start importing Assets/Prefabs/Slime_03 Sprout.prefab using Guid(cae295ff9673a6a4baa4675e7ee99963) Importer(815301076,1909f56bfc062723c751e8b465ee728b)  -> (artifact id: '7de3524fdbda817155984bae8ae5672a') in 0.028263 seconds 
========================================================================
Received Import Request.
  Time since last request: 1.917456 seconds.
  path: Assets/Prefabs/Slime_03 Leaf.prefab
  artifactKey: Guid(17c8da1b441f9f04bbb869f99cdedb3d) Importer(815301076,1909f56bfc062723c751e8b465ee728b)
Start importing Assets/Prefabs/Slime_03 Leaf.prefab using Guid(17c8da1b441f9f04bbb869f99cdedb3d) Importer(815301076,1909f56bfc062723c751e8b465ee728b)  -> (artifact id: '787afdaeda27058c1dd66743a8f8dd6c') in 0.029934 seconds 
========================================================================
Received Import Request.
  Time since last request: 0.381333 seconds.
  path: Assets/Prefabs/Slime_03 Leaf.prefab
  artifactKey: Guid(17c8da1b441f9f04bbb869f99cdedb3d) Importer(815301076,1909f56bfc062723c751e8b465ee728b)
Start importing Assets/Prefabs/Slime_03 Leaf.prefab using Guid(17c8da1b441f9f04bbb869f99cdedb3d) Importer(815301076,1909f56bfc062723c751e8b465ee728b)  -> (artifact id: 'f103fc82280aab060b958782eba09be9') in 0.029068 seconds 
========================================================================
Received Import Request.
  Time since last request: 0.563087 seconds.
  path: Assets/Prefabs/Slime_03 Leaf.prefab
  artifactKey: Guid(17c8da1b441f9f04bbb869f99cdedb3d) Importer(815301076,1909f56bfc062723c751e8b465ee728b)
Start importing Assets/Prefabs/Slime_03 Leaf.prefab using Guid(17c8da1b441f9f04bbb869f99cdedb3d) Importer(815301076,1909f56bfc062723c751e8b465ee728b)  -> (artifact id: '4e70f3c2f61bd5398dcce3b298083701') in 0.049419 seconds 
========================================================================
Received Import Request.
  Time since last request: 1.733880 seconds.
  path: Assets/Prefabs/Slime_03 King.prefab
  artifactKey: Guid(38fec464247d8a449a68c79f05b2fe98) Importer(815301076,1909f56bfc062723c751e8b465ee728b)
Start importing Assets/Prefabs/Slime_03 King.prefab using Guid(38fec464247d8a449a68c79f05b2fe98) Importer(815301076,1909f56bfc062723c751e8b465ee728b)  -> (artifact id: '57c8c6f47379ed3fd74504ec17c67028') in 0.026854 seconds 
========================================================================
Received Import Request.
  Time since last request: 0.375110 seconds.
  path: Assets/Prefabs/Slime_03 King.prefab
  artifactKey: Guid(38fec464247d8a449a68c79f05b2fe98) Importer(815301076,1909f56bfc062723c751e8b465ee728b)
Start importing Assets/Prefabs/Slime_03 King.prefab using Guid(38fec464247d8a449a68c79f05b2fe98) Importer(815301076,1909f56bfc062723c751e8b465ee728b)  -> (artifact id: 'bbe4fa04a83b4b0fcdcaa93182ec230e') in 0.029889 seconds 
========================================================================
Received Import Request.
  Time since last request: 0.369106 seconds.
  path: Assets/Prefabs/Slime_03 King.prefab
  artifactKey: Guid(38fec464247d8a449a68c79f05b2fe98) Importer(815301076,1909f56bfc062723c751e8b465ee728b)
Start importing Assets/Prefabs/Slime_03 King.prefab using Guid(38fec464247d8a449a68c79f05b2fe98) Importer(815301076,1909f56bfc062723c751e8b465ee728b)  -> (artifact id: '69f64b15cbb309d5209aed45b357b366') in 0.026646 seconds 
========================================================================
Received Import Request.
  Time since last request: 1.680723 seconds.
  path: Assets/Prefabs/Slime_02.prefab
  artifactKey: Guid(da93f574b2e048d438a2ade6414dd996) Importer(815301076,1909f56bfc062723c751e8b465ee728b)
Start importing Assets/Prefabs/Slime_02.prefab using Guid(da93f574b2e048d438a2ade6414dd996) Importer(815301076,1909f56bfc062723c751e8b465ee728b)  -> (artifact id: '948d3c0c5a6b1cd3195ccb8c3ed46960') in 0.038773 seconds 
========================================================================
Received Import Request.
  Time since last request: 0.358459 seconds.
  path: Assets/Prefabs/Slime_02.prefab
  artifactKey: Guid(da93f574b2e048d438a2ade6414dd996) Importer(815301076,1909f56bfc062723c751e8b465ee728b)
Start importing Assets/Prefabs/Slime_02.prefab using Guid(da93f574b2e048d438a2ade6414dd996) Importer(815301076,1909f56bfc062723c751e8b465ee728b)  -> (artifact id: '14dc9f18642a4efdcff4710c0b89c282') in 0.023111 seconds 
========================================================================
Received Import Request.
  Time since last request: 0.587083 seconds.
  path: Assets/Prefabs/Slime_02.prefab
  artifactKey: Guid(da93f574b2e048d438a2ade6414dd996) Importer(815301076,1909f56bfc062723c751e8b465ee728b)
Start importing Assets/Prefabs/Slime_02.prefab using Guid(da93f574b2e048d438a2ade6414dd996) Importer(815301076,1909f56bfc062723c751e8b465ee728b)  -> (artifact id: 'e31a15def55e2f21f5b28110c8896a2b') in 0.037470 seconds 
========================================================================
Received Import Request.
  Time since last request: 1.777435 seconds.
  path: Assets/Prefabs/Slime_01_Viking.prefab
  artifactKey: Guid(b26a1b0e6480cd34198d898f877554d1) Importer(815301076,1909f56bfc062723c751e8b465ee728b)
Start importing Assets/Prefabs/Slime_01_Viking.prefab using Guid(b26a1b0e6480cd34198d898f877554d1) Importer(815301076,1909f56bfc062723c751e8b465ee728b)  -> (artifact id: '1f0b578e2cc00aeaa0ea0ae162d08c32') in 0.028794 seconds 
========================================================================
Received Import Request.
  Time since last request: 0.565696 seconds.
  path: Assets/Prefabs/Slime_01_Viking.prefab
  artifactKey: Guid(b26a1b0e6480cd34198d898f877554d1) Importer(815301076,1909f56bfc062723c751e8b465ee728b)
Start importing Assets/Prefabs/Slime_01_Viking.prefab using Guid(b26a1b0e6480cd34198d898f877554d1) Importer(815301076,1909f56bfc062723c751e8b465ee728b)  -> (artifact id: '7c49079caf9032c4c5131c682edff007') in 0.023300 seconds 
========================================================================
Received Import Request.
  Time since last request: 0.378612 seconds.
  path: Assets/Prefabs/Slime_01_Viking.prefab
  artifactKey: Guid(b26a1b0e6480cd34198d898f877554d1) Importer(815301076,1909f56bfc062723c751e8b465ee728b)
Start importing Assets/Prefabs/Slime_01_Viking.prefab using Guid(b26a1b0e6480cd34198d898f877554d1) Importer(815301076,1909f56bfc062723c751e8b465ee728b)  -> (artifact id: '0795f49b10fcb16b4eee6ece8fe0574c') in 0.026566 seconds 
========================================================================
Received Import Request.
  Time since last request: 1.746982 seconds.
  path: Assets/Prefabs/Slime_01_MeltalHelmet.prefab
  artifactKey: Guid(0662e54f9a05aa6488f94a8fd07f9864) Importer(815301076,1909f56bfc062723c751e8b465ee728b)
Start importing Assets/Prefabs/Slime_01_MeltalHelmet.prefab using Guid(0662e54f9a05aa6488f94a8fd07f9864) Importer(815301076,1909f56bfc062723c751e8b465ee728b)  -> (artifact id: '4d01991cb46183a3d0df25941be28bdb') in 0.030397 seconds 
========================================================================
Received Import Request.
  Time since last request: 0.390026 seconds.
  path: Assets/Prefabs/Slime_01_MeltalHelmet.prefab
  artifactKey: Guid(0662e54f9a05aa6488f94a8fd07f9864) Importer(815301076,1909f56bfc062723c751e8b465ee728b)
Start importing Assets/Prefabs/Slime_01_MeltalHelmet.prefab using Guid(0662e54f9a05aa6488f94a8fd07f9864) Importer(815301076,1909f56bfc062723c751e8b465ee728b)  -> (artifact id: 'ee1ea618d94d9a29ee3d030fc7fd8b87') in 0.050873 seconds 
========================================================================
Received Import Request.
  Time since last request: 0.533008 seconds.
  path: Assets/Prefabs/Slime_01_MeltalHelmet.prefab
  artifactKey: Guid(0662e54f9a05aa6488f94a8fd07f9864) Importer(815301076,1909f56bfc062723c751e8b465ee728b)
Start importing Assets/Prefabs/Slime_01_MeltalHelmet.prefab using Guid(0662e54f9a05aa6488f94a8fd07f9864) Importer(815301076,1909f56bfc062723c751e8b465ee728b)  -> (artifact id: '0adb606af0acdde45f4e0d33f390ddca') in 0.030827 seconds 
========================================================================
Received Import Request.
  Time since last request: 2.145899 seconds.
  path: Assets/Prefabs/Slime_01_King.prefab
  artifactKey: Guid(97e943d22cc6c7345a8d84d89c554a79) Importer(815301076,1909f56bfc062723c751e8b465ee728b)
Start importing Assets/Prefabs/Slime_01_King.prefab using Guid(97e943d22cc6c7345a8d84d89c554a79) Importer(815301076,1909f56bfc062723c751e8b465ee728b)  -> (artifact id: 'ac0686244e8ac4cddf68fcc6f3305a2a') in 0.037644 seconds 
========================================================================
Received Import Request.
  Time since last request: 0.368347 seconds.
  path: Assets/Prefabs/Slime_01_King.prefab
  artifactKey: Guid(97e943d22cc6c7345a8d84d89c554a79) Importer(815301076,1909f56bfc062723c751e8b465ee728b)
Start importing Assets/Prefabs/Slime_01_King.prefab using Guid(97e943d22cc6c7345a8d84d89c554a79) Importer(815301076,1909f56bfc062723c751e8b465ee728b)  -> (artifact id: 'e42d42d205ebd1185e26e7c35009070c') in 0.037534 seconds 
========================================================================
Received Import Request.
  Time since last request: 0.356342 seconds.
  path: Assets/Prefabs/Slime_01_King.prefab
  artifactKey: Guid(97e943d22cc6c7345a8d84d89c554a79) Importer(815301076,1909f56bfc062723c751e8b465ee728b)
Start importing Assets/Prefabs/Slime_01_King.prefab using Guid(97e943d22cc6c7345a8d84d89c554a79) Importer(815301076,1909f56bfc062723c751e8b465ee728b)  -> (artifact id: 'af0c13ffcd286f3528039b708a1640ad') in 0.023928 seconds 
========================================================================
Received Import Request.
  Time since last request: 1.882855 seconds.
  path: Assets/Prefabs/Slime_01.prefab
  artifactKey: Guid(3aea6ad972f3f25488194e7c7f60d06f) Importer(815301076,1909f56bfc062723c751e8b465ee728b)
Start importing Assets/Prefabs/Slime_01.prefab using Guid(3aea6ad972f3f25488194e7c7f60d06f) Importer(815301076,1909f56bfc062723c751e8b465ee728b)  -> (artifact id: '4b10e94e384890a00927451bd9ca3f6c') in 0.038800 seconds 
========================================================================
Received Import Request.
  Time since last request: 0.360994 seconds.
  path: Assets/Prefabs/Slime_01.prefab
  artifactKey: Guid(3aea6ad972f3f25488194e7c7f60d06f) Importer(815301076,1909f56bfc062723c751e8b465ee728b)
Start importing Assets/Prefabs/Slime_01.prefab using Guid(3aea6ad972f3f25488194e7c7f60d06f) Importer(815301076,1909f56bfc062723c751e8b465ee728b)  -> (artifact id: '95d9a587f9ec952c322fd9e9e555b626') in 0.024574 seconds 
========================================================================
Received Import Request.
  Time since last request: 0.578193 seconds.
  path: Assets/Prefabs/Slime_01.prefab
  artifactKey: Guid(3aea6ad972f3f25488194e7c7f60d06f) Importer(815301076,1909f56bfc062723c751e8b465ee728b)
Start importing Assets/Prefabs/Slime_01.prefab using Guid(3aea6ad972f3f25488194e7c7f60d06f) Importer(815301076,1909f56bfc062723c751e8b465ee728b)  -> (artifact id: 'e2326763d4e8eef32b301acb378c5d41') in 0.038797 seconds 
========================================================================
Received Import Request.
  Time since last request: 107.654228 seconds.
  path: Assets/Prefabs/Slime_01.prefab
  artifactKey: Guid(3aea6ad972f3f25488194e7c7f60d06f) Importer(815301076,1909f56bfc062723c751e8b465ee728b)
Start importing Assets/Prefabs/Slime_01.prefab using Guid(3aea6ad972f3f25488194e7c7f60d06f) Importer(815301076,1909f56bfc062723c751e8b465ee728b)  -> (artifact id: 'cdef99f70925e554f5e1ffb537953ff5') in 0.025942 seconds 
========================================================================
Received Import Request.
  Time since last request: 13.687638 seconds.
  path: Assets/Prefabs/Slime_01_King.prefab
  artifactKey: Guid(97e943d22cc6c7345a8d84d89c554a79) Importer(815301076,1909f56bfc062723c751e8b465ee728b)
Start importing Assets/Prefabs/Slime_01_King.prefab using Guid(97e943d22cc6c7345a8d84d89c554a79) Importer(815301076,1909f56bfc062723c751e8b465ee728b)  -> (artifact id: 'a73ce74f1c8af34b9fb573462c62e9cf') in 0.031669 seconds 
========================================================================
Received Import Request.
  Time since last request: 3.126989 seconds.
  path: Assets/Prefabs/Slime_01_MeltalHelmet.prefab
  artifactKey: Guid(0662e54f9a05aa6488f94a8fd07f9864) Importer(815301076,1909f56bfc062723c751e8b465ee728b)
Start importing Assets/Prefabs/Slime_01_MeltalHelmet.prefab using Guid(0662e54f9a05aa6488f94a8fd07f9864) Importer(815301076,1909f56bfc062723c751e8b465ee728b)  -> (artifact id: '279d320bc8c08e880f8d8f6bbc79e02d') in 0.027572 seconds 
========================================================================
Received Import Request.
  Time since last request: 2.499064 seconds.
  path: Assets/Prefabs/Slime_01_Viking.prefab
  artifactKey: Guid(b26a1b0e6480cd34198d898f877554d1) Importer(815301076,1909f56bfc062723c751e8b465ee728b)
Start importing Assets/Prefabs/Slime_01_Viking.prefab using Guid(b26a1b0e6480cd34198d898f877554d1) Importer(815301076,1909f56bfc062723c751e8b465ee728b)  -> (artifact id: '2cd56e94eb980cf0f06009c256cf270f') in 0.039903 seconds 
========================================================================
Received Import Request.
  Time since last request: 2.910402 seconds.
  path: Assets/Prefabs/Slime_02.prefab
  artifactKey: Guid(da93f574b2e048d438a2ade6414dd996) Importer(815301076,1909f56bfc062723c751e8b465ee728b)
Start importing Assets/Prefabs/Slime_02.prefab using Guid(da93f574b2e048d438a2ade6414dd996) Importer(815301076,1909f56bfc062723c751e8b465ee728b)  -> (artifact id: '9bb414c7521d473982d66b41c9e25b6a') in 0.036667 seconds 
========================================================================
Received Import Request.
  Time since last request: 2.702999 seconds.
  path: Assets/Prefabs/Slime_03 King.prefab
  artifactKey: Guid(38fec464247d8a449a68c79f05b2fe98) Importer(815301076,1909f56bfc062723c751e8b465ee728b)
Start importing Assets/Prefabs/Slime_03 King.prefab using Guid(38fec464247d8a449a68c79f05b2fe98) Importer(815301076,1909f56bfc062723c751e8b465ee728b)  -> (artifact id: '8fbb9a14c04c19bf1523423aa9a39a61') in 0.032391 seconds 
========================================================================
Received Import Request.
  Time since last request: 2.457116 seconds.
  path: Assets/Prefabs/Slime_03 Leaf.prefab
  artifactKey: Guid(17c8da1b441f9f04bbb869f99cdedb3d) Importer(815301076,1909f56bfc062723c751e8b465ee728b)
Start importing Assets/Prefabs/Slime_03 Leaf.prefab using Guid(17c8da1b441f9f04bbb869f99cdedb3d) Importer(815301076,1909f56bfc062723c751e8b465ee728b)  -> (artifact id: 'a6c9dd945e453d1179350d326cb1cc9e') in 0.041748 seconds 
========================================================================
Received Import Request.
  Time since last request: 4.902704 seconds.
  path: Assets/Prefabs/Slime_03 Sprout.prefab
  artifactKey: Guid(cae295ff9673a6a4baa4675e7ee99963) Importer(815301076,1909f56bfc062723c751e8b465ee728b)
Start importing Assets/Prefabs/Slime_03 Sprout.prefab using Guid(cae295ff9673a6a4baa4675e7ee99963) Importer(815301076,1909f56bfc062723c751e8b465ee728b)  -> (artifact id: 'bc0fc7786b41908d63051cef98e11f30') in 0.034166 seconds 
========================================================================
Received Import Request.
  Time since last request: 3.210965 seconds.
  path: Assets/Prefabs/Slime_03.prefab
  artifactKey: Guid(3c205ac188531ba4ea1b840da27dfc49) Importer(815301076,1909f56bfc062723c751e8b465ee728b)
Start importing Assets/Prefabs/Slime_03.prefab using Guid(3c205ac188531ba4ea1b840da27dfc49) Importer(815301076,1909f56bfc062723c751e8b465ee728b)  -> (artifact id: 'cbb42f58d70f0b51602f964a64605e2e') in 0.027269 seconds 
========================================================================
Received Prepare
Registering precompiled user dll's ...
Registered in 0.008383 seconds.
Begin MonoManager ReloadAssembly
Native extension for WindowsStandalone target not found
Refreshing native plugins compatible for Editor in 0.64 ms, found 2 plugins.
Preloading 0 native plugins for Editor in 0.00 ms.
Mono: successfully reloaded assembly
- Completed reload, in  1.430 seconds
Domain Reload Profiling:
	ReloadAssembly (1431ms)
		BeginReloadAssembly (176ms)
			ExecutionOrderSort (0ms)
			DisableScriptedObjects (7ms)
			BackupInstance (0ms)
			ReleaseScriptingObjects (0ms)
			CreateAndSetChildDomain (40ms)
		EndReloadAssembly (1102ms)
			LoadAssemblies (126ms)
			RebuildTransferFunctionScriptingTraits (0ms)
			SetupTypeCache (295ms)
			ReleaseScriptCaches (1ms)
			RebuildScriptCaches (67ms)
			SetupLoadedEditorAssemblies (527ms)
				LogAssemblyErrors (0ms)
				InitializePlatformSupportModulesInManaged (18ms)
				SetLoadedEditorAssemblies (1ms)
				RefreshPlugins (1ms)
				BeforeProcessingInitializeOnLoad (83ms)
				ProcessInitializeOnLoadAttributes (360ms)
				ProcessInitializeOnLoadMethodAttributes (49ms)
				AfterProcessingInitializeOnLoad (14ms)
				EditorAssembliesLoaded (0ms)
			ExecutionOrderSort2 (0ms)
			AwakeInstancesAfterBackupRestoration (9ms)
Platform modules already initialized, skipping
Refreshing native plugins compatible for Editor in 4.30 ms, found 2 plugins.
Preloading 0 native plugins for Editor in 0.00 ms.
Unloading 1912 Unused Serialized files (Serialized files now loaded: 0)
Unloading 14 unused Assets / (95.3 KB). Loaded Objects now: 2443.
Memory consumption went from 112.1 MB to 112.0 MB.
Total: 10.047400 ms (FindLiveObjects: 0.286600 ms CreateObjectMapping: 0.079200 ms MarkObjects: 9.645300 ms  DeleteObjects: 0.034500 ms)

AssetImportParameters requested are different than current active one (requested -> active):
  custom:video-decoder-ogg-theora: a1e56fd34408186e4bbccfd4996cb3dc -> 
  custom:container-muxer-webm: aa71ff27fc2769a1b78a27578f13a17b -> 
  custom:container-demuxer-webm: 4f35f7cbe854078d1ac9338744f61a02 -> 
  custom:video-encoder-webm-vp8: eb34c28f22e8b96e1ab97ce403110664 -> 
  custom:audio-encoder-webm-vorbis: bf7c407c2cedff20999df2af8eb42d56 -> 
  custom:framework-win-MediaFoundation: 216162199b28c13a410421893ffa2e32 -> 
  custom:container-demuxer-ogg: 62fdf1f143b41e24485cea50d1cbac27 -> 
  custom:video-decoder-webm-vp8: 9c59270c3fd7afecdb556c50c9e8de78 -> 
  custom:audio-decoder-ogg-vorbis: bf7c407c2cedff20999df2af8eb42d56 -> 
========================================================================
Received Import Request.
  Time since last request: 57.210756 seconds.
  path: Assets/Prefabs/Slime_01.prefab
  artifactKey: Guid(3aea6ad972f3f25488194e7c7f60d06f) Importer(815301076,1909f56bfc062723c751e8b465ee728b)
Start importing Assets/Prefabs/Slime_01.prefab using Guid(3aea6ad972f3f25488194e7c7f60d06f) Importer(815301076,1909f56bfc062723c751e8b465ee728b)  -> (artifact id: '2c68c07ac31d0b3759850056a1db767a') in 0.136383 seconds 
========================================================================
Received Import Request.
  Time since last request: 1.811443 seconds.
  path: Assets/Prefabs/Slime_01_King.prefab
  artifactKey: Guid(97e943d22cc6c7345a8d84d89c554a79) Importer(815301076,1909f56bfc062723c751e8b465ee728b)
Start importing Assets/Prefabs/Slime_01_King.prefab using Guid(97e943d22cc6c7345a8d84d89c554a79) Importer(815301076,1909f56bfc062723c751e8b465ee728b)  -> (artifact id: '52494dcada3b1f32a958fc0354561fea') in 0.038337 seconds 
========================================================================
Received Import Request.
  Time since last request: 1.948295 seconds.
  path: Assets/Prefabs/Slime_01_MeltalHelmet.prefab
  artifactKey: Guid(0662e54f9a05aa6488f94a8fd07f9864) Importer(815301076,1909f56bfc062723c751e8b465ee728b)
Start importing Assets/Prefabs/Slime_01_MeltalHelmet.prefab using Guid(0662e54f9a05aa6488f94a8fd07f9864) Importer(815301076,1909f56bfc062723c751e8b465ee728b)  -> (artifact id: '523a71a3239436227062f8dd9b9bf259') in 0.031218 seconds 
========================================================================
Received Import Request.
  Time since last request: 1.644223 seconds.
  path: Assets/Prefabs/Slime_01_Viking.prefab
  artifactKey: Guid(b26a1b0e6480cd34198d898f877554d1) Importer(815301076,1909f56bfc062723c751e8b465ee728b)
Start importing Assets/Prefabs/Slime_01_Viking.prefab using Guid(b26a1b0e6480cd34198d898f877554d1) Importer(815301076,1909f56bfc062723c751e8b465ee728b)  -> (artifact id: '5e7de431f045f54d9868cd3984d65618') in 0.047267 seconds 
========================================================================
Received Import Request.
  Time since last request: 2.282424 seconds.
  path: Assets/Prefabs/Slime_02.prefab
  artifactKey: Guid(da93f574b2e048d438a2ade6414dd996) Importer(815301076,1909f56bfc062723c751e8b465ee728b)
Start importing Assets/Prefabs/Slime_02.prefab using Guid(da93f574b2e048d438a2ade6414dd996) Importer(815301076,1909f56bfc062723c751e8b465ee728b)  -> (artifact id: 'ac772ccfa7b6ed269c2a0b07ec4fe2b1') in 0.031907 seconds 
========================================================================
Received Import Request.
  Time since last request: 2.475359 seconds.
  path: Assets/Prefabs/Slime_03 King.prefab
  artifactKey: Guid(38fec464247d8a449a68c79f05b2fe98) Importer(815301076,1909f56bfc062723c751e8b465ee728b)
Start importing Assets/Prefabs/Slime_03 King.prefab using Guid(38fec464247d8a449a68c79f05b2fe98) Importer(815301076,1909f56bfc062723c751e8b465ee728b)  -> (artifact id: 'dcfda1bd4cf527988780c2c45a0f70ec') in 0.033425 seconds 
========================================================================
Received Import Request.
  Time since last request: 1.811706 seconds.
  path: Assets/Prefabs/Slime_03 Leaf.prefab
  artifactKey: Guid(17c8da1b441f9f04bbb869f99cdedb3d) Importer(815301076,1909f56bfc062723c751e8b465ee728b)
Start importing Assets/Prefabs/Slime_03 Leaf.prefab using Guid(17c8da1b441f9f04bbb869f99cdedb3d) Importer(815301076,1909f56bfc062723c751e8b465ee728b)  -> (artifact id: '4f08ed0e76a491ed425a94c6e8f08543') in 0.047655 seconds 
========================================================================
Received Import Request.
  Time since last request: 1.664136 seconds.
  path: Assets/Prefabs/Slime_03 Sprout.prefab
  artifactKey: Guid(cae295ff9673a6a4baa4675e7ee99963) Importer(815301076,1909f56bfc062723c751e8b465ee728b)
Start importing Assets/Prefabs/Slime_03 Sprout.prefab using Guid(cae295ff9673a6a4baa4675e7ee99963) Importer(815301076,1909f56bfc062723c751e8b465ee728b)  -> (artifact id: '0f0ae6b5b784c1d62ee79a7da7fdb6fc') in 0.034131 seconds 
========================================================================
Received Import Request.
  Time since last request: 1.667805 seconds.
  path: Assets/Prefabs/Slime_03.prefab
  artifactKey: Guid(3c205ac188531ba4ea1b840da27dfc49) Importer(815301076,1909f56bfc062723c751e8b465ee728b)
Start importing Assets/Prefabs/Slime_03.prefab using Guid(3c205ac188531ba4ea1b840da27dfc49) Importer(815301076,1909f56bfc062723c751e8b465ee728b)  -> (artifact id: '8c2dd0b33674ee393d631c94b29ab3bd') in 0.026114 seconds 
========================================================================
Received Prepare
Registering precompiled user dll's ...
Registered in 0.006590 seconds.
Begin MonoManager ReloadAssembly
Native extension for WindowsStandalone target not found
Refreshing native plugins compatible for Editor in 0.65 ms, found 2 plugins.
Preloading 0 native plugins for Editor in 0.00 ms.
Mono: successfully reloaded assembly
- Completed reload, in  1.699 seconds
Domain Reload Profiling:
	ReloadAssembly (1700ms)
		BeginReloadAssembly (171ms)
			ExecutionOrderSort (0ms)
			DisableScriptedObjects (6ms)
			BackupInstance (0ms)
			ReleaseScriptingObjects (0ms)
			CreateAndSetChildDomain (39ms)
		EndReloadAssembly (1377ms)
			LoadAssemblies (124ms)
			RebuildTransferFunctionScriptingTraits (0ms)
			SetupTypeCache (278ms)
			ReleaseScriptCaches (1ms)
			RebuildScriptCaches (67ms)
			SetupLoadedEditorAssemblies (805ms)
				LogAssemblyErrors (0ms)
				InitializePlatformSupportModulesInManaged (18ms)
				SetLoadedEditorAssemblies (1ms)
				RefreshPlugins (1ms)
				BeforeProcessingInitializeOnLoad (80ms)
				ProcessInitializeOnLoadAttributes (597ms)
				ProcessInitializeOnLoadMethodAttributes (87ms)
				AfterProcessingInitializeOnLoad (20ms)
				EditorAssembliesLoaded (1ms)
			ExecutionOrderSort2 (0ms)
			AwakeInstancesAfterBackupRestoration (18ms)
Platform modules already initialized, skipping
Refreshing native plugins compatible for Editor in 2.63 ms, found 2 plugins.
Preloading 0 native plugins for Editor in 0.00 ms.
Unloading 1912 Unused Serialized files (Serialized files now loaded: 0)
Unloading 14 unused Assets / (95.4 KB). Loaded Objects now: 2458.
Memory consumption went from 112.1 MB to 112.0 MB.
Total: 4.563000 ms (FindLiveObjects: 0.237700 ms CreateObjectMapping: 0.076000 ms MarkObjects: 4.212300 ms  DeleteObjects: 0.035000 ms)

AssetImportParameters requested are different than current active one (requested -> active):
  custom:video-decoder-ogg-theora: a1e56fd34408186e4bbccfd4996cb3dc -> 
  custom:container-muxer-webm: aa71ff27fc2769a1b78a27578f13a17b -> 
  custom:container-demuxer-webm: 4f35f7cbe854078d1ac9338744f61a02 -> 
  custom:video-encoder-webm-vp8: eb34c28f22e8b96e1ab97ce403110664 -> 
  custom:audio-encoder-webm-vorbis: bf7c407c2cedff20999df2af8eb42d56 -> 
  custom:framework-win-MediaFoundation: 216162199b28c13a410421893ffa2e32 -> 
  custom:container-demuxer-ogg: 62fdf1f143b41e24485cea50d1cbac27 -> 
  custom:video-decoder-webm-vp8: 9c59270c3fd7afecdb556c50c9e8de78 -> 
  custom:audio-decoder-ogg-vorbis: bf7c407c2cedff20999df2af8eb42d56 -> 
========================================================================
Received Prepare
Registering precompiled user dll's ...
Registered in 0.005285 seconds.
Begin MonoManager ReloadAssembly
Native extension for WindowsStandalone target not found
Refreshing native plugins compatible for Editor in 3.68 ms, found 2 plugins.
Preloading 0 native plugins for Editor in 0.00 ms.
Mono: successfully reloaded assembly
- Completed reload, in  2.137 seconds
Domain Reload Profiling:
	ReloadAssembly (2138ms)
		BeginReloadAssembly (192ms)
			ExecutionOrderSort (0ms)
			DisableScriptedObjects (8ms)
			BackupInstance (0ms)
			ReleaseScriptingObjects (0ms)
			CreateAndSetChildDomain (42ms)
		EndReloadAssembly (1770ms)
			LoadAssemblies (123ms)
			RebuildTransferFunctionScriptingTraits (0ms)
			SetupTypeCache (323ms)
			ReleaseScriptCaches (1ms)
			RebuildScriptCaches (68ms)
			SetupLoadedEditorAssemblies (1106ms)
				LogAssemblyErrors (0ms)
				InitializePlatformSupportModulesInManaged (48ms)
				SetLoadedEditorAssemblies (1ms)
				RefreshPlugins (4ms)
				BeforeProcessingInitializeOnLoad (165ms)
				ProcessInitializeOnLoadAttributes (752ms)
				ProcessInitializeOnLoadMethodAttributes (100ms)
				AfterProcessingInitializeOnLoad (35ms)
				EditorAssembliesLoaded (1ms)
			ExecutionOrderSort2 (0ms)
			AwakeInstancesAfterBackupRestoration (25ms)
Platform modules already initialized, skipping
Refreshing native plugins compatible for Editor in 2.68 ms, found 2 plugins.
Preloading 0 native plugins for Editor in 0.00 ms.
Unloading 1912 Unused Serialized files (Serialized files now loaded: 0)
Unloading 14 unused Assets / (95.3 KB). Loaded Objects now: 2473.
Memory consumption went from 112.1 MB to 112.0 MB.
Total: 11.538300 ms (FindLiveObjects: 0.214800 ms CreateObjectMapping: 0.063300 ms MarkObjects: 11.218000 ms  DeleteObjects: 0.040500 ms)

AssetImportParameters requested are different than current active one (requested -> active):
  custom:video-decoder-ogg-theora: a1e56fd34408186e4bbccfd4996cb3dc -> 
  custom:container-muxer-webm: aa71ff27fc2769a1b78a27578f13a17b -> 
  custom:container-demuxer-webm: 4f35f7cbe854078d1ac9338744f61a02 -> 
  custom:video-encoder-webm-vp8: eb34c28f22e8b96e1ab97ce403110664 -> 
  custom:audio-encoder-webm-vorbis: bf7c407c2cedff20999df2af8eb42d56 -> 
  custom:framework-win-MediaFoundation: 216162199b28c13a410421893ffa2e32 -> 
  custom:container-demuxer-ogg: 62fdf1f143b41e24485cea50d1cbac27 -> 
  custom:video-decoder-webm-vp8: 9c59270c3fd7afecdb556c50c9e8de78 -> 
  custom:audio-decoder-ogg-vorbis: bf7c407c2cedff20999df2af8eb42d56 -> 
========================================================================
Received Import Request.
  Time since last request: 1022.164479 seconds.
  path: Assets/Prefabs/Slime_01.prefab
  artifactKey: Guid(3aea6ad972f3f25488194e7c7f60d06f) Importer(815301076,1909f56bfc062723c751e8b465ee728b)
Start importing Assets/Prefabs/Slime_01.prefab using Guid(3aea6ad972f3f25488194e7c7f60d06f) Importer(815301076,1909f56bfc062723c751e8b465ee728b)  -> (artifact id: 'e496bc9e7ef39a0ad0e03bc4e9837980') in 0.162622 seconds 
========================================================================
Received Import Request.
  Time since last request: 1.424659 seconds.
  path: Assets/Prefabs/Slime_01_King.prefab
  artifactKey: Guid(97e943d22cc6c7345a8d84d89c554a79) Importer(815301076,1909f56bfc062723c751e8b465ee728b)
Start importing Assets/Prefabs/Slime_01_King.prefab using Guid(97e943d22cc6c7345a8d84d89c554a79) Importer(815301076,1909f56bfc062723c751e8b465ee728b)  -> (artifact id: 'c6a1f712d58b4426a06c52bf9f2e74dd') in 0.092454 seconds 
========================================================================
Received Import Request.
  Time since last request: 1.534809 seconds.
  path: Assets/Prefabs/Slime_01_King.prefab
  artifactKey: Guid(97e943d22cc6c7345a8d84d89c554a79) Importer(815301076,1909f56bfc062723c751e8b465ee728b)
Start importing Assets/Prefabs/Slime_01_King.prefab using Guid(97e943d22cc6c7345a8d84d89c554a79) Importer(815301076,1909f56bfc062723c751e8b465ee728b)  -> (artifact id: 'ce7203270500183fb52f2cad4f11289e') in 0.037699 seconds 
========================================================================
Received Import Request.
  Time since last request: 1.911247 seconds.
  path: Assets/Prefabs/Slime_01_MeltalHelmet.prefab
  artifactKey: Guid(0662e54f9a05aa6488f94a8fd07f9864) Importer(815301076,1909f56bfc062723c751e8b465ee728b)
Start importing Assets/Prefabs/Slime_01_MeltalHelmet.prefab using Guid(0662e54f9a05aa6488f94a8fd07f9864) Importer(815301076,1909f56bfc062723c751e8b465ee728b)  -> (artifact id: '475daef708c9975ad1ed595ad8b67d6d') in 0.038919 seconds 
========================================================================
Received Import Request.
  Time since last request: 0.968448 seconds.
  path: Assets/Prefabs/Slime_01_MeltalHelmet.prefab
  artifactKey: Guid(0662e54f9a05aa6488f94a8fd07f9864) Importer(815301076,1909f56bfc062723c751e8b465ee728b)
Start importing Assets/Prefabs/Slime_01_MeltalHelmet.prefab using Guid(0662e54f9a05aa6488f94a8fd07f9864) Importer(815301076,1909f56bfc062723c751e8b465ee728b)  -> (artifact id: 'f24827000c4e5fd5218e824e75f108dd') in 0.034140 seconds 
========================================================================
Received Import Request.
  Time since last request: 2.982379 seconds.
  path: Assets/Prefabs/Slime_01_Viking.prefab
  artifactKey: Guid(b26a1b0e6480cd34198d898f877554d1) Importer(815301076,1909f56bfc062723c751e8b465ee728b)
Start importing Assets/Prefabs/Slime_01_Viking.prefab using Guid(b26a1b0e6480cd34198d898f877554d1) Importer(815301076,1909f56bfc062723c751e8b465ee728b)  -> (artifact id: '7d810128602deb7a048fcc1e87853728') in 0.045266 seconds 
========================================================================
Received Import Request.
  Time since last request: 3.076548 seconds.
  path: Assets/Prefabs/Slime_02.prefab
  artifactKey: Guid(da93f574b2e048d438a2ade6414dd996) Importer(815301076,1909f56bfc062723c751e8b465ee728b)
Start importing Assets/Prefabs/Slime_02.prefab using Guid(da93f574b2e048d438a2ade6414dd996) Importer(815301076,1909f56bfc062723c751e8b465ee728b)  -> (artifact id: 'c4ac6ceacbdf525f51b508ca81b561e0') in 0.033141 seconds 
========================================================================
Received Import Request.
  Time since last request: 1.552622 seconds.
  path: Assets/Prefabs/Slime_03 King.prefab
  artifactKey: Guid(38fec464247d8a449a68c79f05b2fe98) Importer(815301076,1909f56bfc062723c751e8b465ee728b)
Start importing Assets/Prefabs/Slime_03 King.prefab using Guid(38fec464247d8a449a68c79f05b2fe98) Importer(815301076,1909f56bfc062723c751e8b465ee728b)  -> (artifact id: '719c35360ddd0f921ee3fe3158143196') in 0.043749 seconds 
========================================================================
Received Import Request.
  Time since last request: 1.474113 seconds.
  path: Assets/Prefabs/Slime_03 King.prefab
  artifactKey: Guid(38fec464247d8a449a68c79f05b2fe98) Importer(815301076,1909f56bfc062723c751e8b465ee728b)
Start importing Assets/Prefabs/Slime_03 King.prefab using Guid(38fec464247d8a449a68c79f05b2fe98) Importer(815301076,1909f56bfc062723c751e8b465ee728b)  -> (artifact id: '2b3d9008b98916b6e4b1bff415b3563f') in 0.033151 seconds 
========================================================================
Received Import Request.
  Time since last request: 3.492628 seconds.
  path: Assets/Prefabs/Slime_03 Leaf.prefab
  artifactKey: Guid(17c8da1b441f9f04bbb869f99cdedb3d) Importer(815301076,1909f56bfc062723c751e8b465ee728b)
Start importing Assets/Prefabs/Slime_03 Leaf.prefab using Guid(17c8da1b441f9f04bbb869f99cdedb3d) Importer(815301076,1909f56bfc062723c751e8b465ee728b)  -> (artifact id: '5ac513e3fb2d4a3281151bc47d6d1d31') in 0.039193 seconds 
========================================================================
Received Import Request.
  Time since last request: 2.160680 seconds.
  path: Assets/Prefabs/Slime_03 Sprout.prefab
  artifactKey: Guid(cae295ff9673a6a4baa4675e7ee99963) Importer(815301076,1909f56bfc062723c751e8b465ee728b)
Start importing Assets/Prefabs/Slime_03 Sprout.prefab using Guid(cae295ff9673a6a4baa4675e7ee99963) Importer(815301076,1909f56bfc062723c751e8b465ee728b)  -> (artifact id: '005b8ef78ce6bfc913f5095cce7c9789') in 0.038700 seconds 
========================================================================
Received Import Request.
  Time since last request: 0.953006 seconds.
  path: Assets/Prefabs/Slime_03 Sprout.prefab
  artifactKey: Guid(cae295ff9673a6a4baa4675e7ee99963) Importer(815301076,1909f56bfc062723c751e8b465ee728b)
Start importing Assets/Prefabs/Slime_03 Sprout.prefab using Guid(cae295ff9673a6a4baa4675e7ee99963) Importer(815301076,1909f56bfc062723c751e8b465ee728b)  -> (artifact id: '77f9c7c51239b8834df289d42431c3ae') in 0.035952 seconds 
========================================================================
Received Import Request.
  Time since last request: 3.592701 seconds.
  path: Assets/Prefabs/Slime_03.prefab
  artifactKey: Guid(3c205ac188531ba4ea1b840da27dfc49) Importer(815301076,1909f56bfc062723c751e8b465ee728b)
Start importing Assets/Prefabs/Slime_03.prefab using Guid(3c205ac188531ba4ea1b840da27dfc49) Importer(815301076,1909f56bfc062723c751e8b465ee728b)  -> (artifact id: '8ce84913c57fe8efc76d6ce84628f55e') in 0.027523 seconds 
========================================================================
Received Prepare
Registering precompiled user dll's ...
Registered in 0.005416 seconds.
Begin MonoManager ReloadAssembly
Native extension for WindowsStandalone target not found
Refreshing native plugins compatible for Editor in 0.94 ms, found 2 plugins.
Preloading 0 native plugins for Editor in 0.00 ms.
Mono: successfully reloaded assembly
- Completed reload, in  1.968 seconds
Domain Reload Profiling:
	ReloadAssembly (1969ms)
		BeginReloadAssembly (196ms)
			ExecutionOrderSort (0ms)
			DisableScriptedObjects (7ms)
			BackupInstance (0ms)
			ReleaseScriptingObjects (0ms)
			CreateAndSetChildDomain (43ms)
		EndReloadAssembly (1601ms)
			LoadAssemblies (136ms)
			RebuildTransferFunctionScriptingTraits (0ms)
			SetupTypeCache (337ms)
			ReleaseScriptCaches (1ms)
			RebuildScriptCaches (71ms)
			SetupLoadedEditorAssemblies (950ms)
				LogAssemblyErrors (0ms)
				InitializePlatformSupportModulesInManaged (44ms)
				SetLoadedEditorAssemblies (1ms)
				RefreshPlugins (1ms)
				BeforeProcessingInitializeOnLoad (136ms)
				ProcessInitializeOnLoadAttributes (669ms)
				ProcessInitializeOnLoadMethodAttributes (78ms)
				AfterProcessingInitializeOnLoad (20ms)
				EditorAssembliesLoaded (0ms)
			ExecutionOrderSort2 (0ms)
			AwakeInstancesAfterBackupRestoration (24ms)
Platform modules already initialized, skipping
Refreshing native plugins compatible for Editor in 3.21 ms, found 2 plugins.
Preloading 0 native plugins for Editor in 0.00 ms.
Unloading 1912 Unused Serialized files (Serialized files now loaded: 0)
Unloading 14 unused Assets / (95.5 KB). Loaded Objects now: 2488.
Memory consumption went from 112.1 MB to 112.1 MB.
Total: 15.262800 ms (FindLiveObjects: 0.452900 ms CreateObjectMapping: 0.096800 ms MarkObjects: 14.571500 ms  DeleteObjects: 0.138400 ms)

AssetImportParameters requested are different than current active one (requested -> active):
  custom:video-decoder-ogg-theora: a1e56fd34408186e4bbccfd4996cb3dc -> 
  custom:container-muxer-webm: aa71ff27fc2769a1b78a27578f13a17b -> 
  custom:container-demuxer-webm: 4f35f7cbe854078d1ac9338744f61a02 -> 
  custom:video-encoder-webm-vp8: eb34c28f22e8b96e1ab97ce403110664 -> 
  custom:audio-encoder-webm-vorbis: bf7c407c2cedff20999df2af8eb42d56 -> 
  custom:framework-win-MediaFoundation: 216162199b28c13a410421893ffa2e32 -> 
  custom:container-demuxer-ogg: 62fdf1f143b41e24485cea50d1cbac27 -> 
  custom:video-decoder-webm-vp8: 9c59270c3fd7afecdb556c50c9e8de78 -> 
  custom:audio-decoder-ogg-vorbis: bf7c407c2cedff20999df2af8eb42d56 -> 
========================================================================
Received Import Request.
  Time since last request: 238.393563 seconds.
  path: Assets/Prefabs/lantern Variant.prefab
  artifactKey: Guid(e2cb517ceb652b148bbeb39be67d09a4) Importer(815301076,1909f56bfc062723c751e8b465ee728b)
Start importing Assets/Prefabs/lantern Variant.prefab using Guid(e2cb517ceb652b148bbeb39be67d09a4) Importer(815301076,1909f56bfc062723c751e8b465ee728b)  -> (artifact id: '3972b5cef60e8c075588fdbf61f00539') in 0.207208 seconds 
========================================================================
Received Import Request.
  Time since last request: 4.386104 seconds.
  path: Assets/Prefabs/lantern Variant.prefab
  artifactKey: Guid(e2cb517ceb652b148bbeb39be67d09a4) Importer(815301076,1909f56bfc062723c751e8b465ee728b)
Start importing Assets/Prefabs/lantern Variant.prefab using Guid(e2cb517ceb652b148bbeb39be67d09a4) Importer(815301076,1909f56bfc062723c751e8b465ee728b)  -> (artifact id: 'a6115510c8160a6e27aefb3568f8cf41') in 0.032916 seconds 
========================================================================
Received Import Request.
  Time since last request: 7.447745 seconds.
  path: Assets/Prefabs/lantern Variant.prefab
  artifactKey: Guid(e2cb517ceb652b148bbeb39be67d09a4) Importer(815301076,1909f56bfc062723c751e8b465ee728b)
Start importing Assets/Prefabs/lantern Variant.prefab using Guid(e2cb517ceb652b148bbeb39be67d09a4) Importer(815301076,1909f56bfc062723c751e8b465ee728b)  -> (artifact id: '334e0a4991cfaa1b550dcd14142bce63') in 0.051624 seconds 
========================================================================
Received Prepare
Registering precompiled user dll's ...
Registered in 0.005301 seconds.
Begin MonoManager ReloadAssembly
Native extension for WindowsStandalone target not found
Refreshing native plugins compatible for Editor in 1.60 ms, found 2 plugins.
Preloading 0 native plugins for Editor in 0.00 ms.
Mono: successfully reloaded assembly
- Completed reload, in  2.140 seconds
Domain Reload Profiling:
	ReloadAssembly (2140ms)
		BeginReloadAssembly (196ms)
			ExecutionOrderSort (0ms)
			DisableScriptedObjects (7ms)
			BackupInstance (0ms)
			ReleaseScriptingObjects (0ms)
			CreateAndSetChildDomain (46ms)
		EndReloadAssembly (1775ms)
			LoadAssemblies (129ms)
			RebuildTransferFunctionScriptingTraits (0ms)
			SetupTypeCache (334ms)
			ReleaseScriptCaches (1ms)
			RebuildScriptCaches (78ms)
			SetupLoadedEditorAssemblies (1111ms)
				LogAssemblyErrors (0ms)
				InitializePlatformSupportModulesInManaged (40ms)
				SetLoadedEditorAssemblies (1ms)
				RefreshPlugins (2ms)
				BeforeProcessingInitializeOnLoad (189ms)
				ProcessInitializeOnLoadAttributes (771ms)
				ProcessInitializeOnLoadMethodAttributes (78ms)
				AfterProcessingInitializeOnLoad (29ms)
				EditorAssembliesLoaded (0ms)
			ExecutionOrderSort2 (0ms)
			AwakeInstancesAfterBackupRestoration (16ms)
Platform modules already initialized, skipping
Refreshing native plugins compatible for Editor in 3.73 ms, found 2 plugins.
Preloading 0 native plugins for Editor in 0.00 ms.
Unloading 1912 Unused Serialized files (Serialized files now loaded: 0)
Unloading 14 unused Assets / (95.4 KB). Loaded Objects now: 2503.
Memory consumption went from 112.2 MB to 112.1 MB.
Total: 8.544900 ms (FindLiveObjects: 1.359000 ms CreateObjectMapping: 0.363100 ms MarkObjects: 6.786700 ms  DeleteObjects: 0.033600 ms)

AssetImportParameters requested are different than current active one (requested -> active):
  custom:video-decoder-ogg-theora: a1e56fd34408186e4bbccfd4996cb3dc -> 
  custom:container-muxer-webm: aa71ff27fc2769a1b78a27578f13a17b -> 
  custom:container-demuxer-webm: 4f35f7cbe854078d1ac9338744f61a02 -> 
  custom:video-encoder-webm-vp8: eb34c28f22e8b96e1ab97ce403110664 -> 
  custom:audio-encoder-webm-vorbis: bf7c407c2cedff20999df2af8eb42d56 -> 
  custom:framework-win-MediaFoundation: 216162199b28c13a410421893ffa2e32 -> 
  custom:container-demuxer-ogg: 62fdf1f143b41e24485cea50d1cbac27 -> 
  custom:video-decoder-webm-vp8: 9c59270c3fd7afecdb556c50c9e8de78 -> 
  custom:audio-decoder-ogg-vorbis: bf7c407c2cedff20999df2af8eb42d56 -> 
